#
# A fatal error has been detected by the Java Runtime Environment:
#
#  EXCEPTION_ACCESS_VIOLATION (0xc0000005) at pc=0x00007ffe50170f91, pid=5200, tid=10848
#
# JRE version: OpenJDK Runtime Environment (17.0.10) (build 17.0.10+0--11572160)
# Java VM: OpenJDK 64-Bit Server VM (17.0.10+0--11572160, mixed mode, tiered, compressed oops, compressed class ptrs, g1 gc, windows-amd64)
# Problematic frame:
# V  [jvm.dll+0x370f91]
#
# No core dump will be written. Minidumps are not enabled by default on client versions of Windows
#
# If you would like to submit a bug report, please visit:
#   https://bugreport.java.com/bugreport/crash.jsp
#

---------------  S U M M A R Y ------------

Command Line: --add-opens=java.base/java.util=ALL-UNNAMED --add-opens=java.base/java.lang=ALL-UNNAMED --add-opens=java.base/java.lang.invoke=ALL-UNNAMED --add-opens=java.prefs/java.util.prefs=ALL-UNNAMED --add-opens=java.base/java.nio.charset=ALL-UNNAMED --add-opens=java.base/java.net=ALL-UNNAMED --add-opens=java.base/java.util.concurrent.atomic=ALL-UNNAMED -Xmx2048m -Dfile.encoding=UTF-8 -Duser.country=ES -Duser.language=es -Duser.variant -javaagent:C:\Users\sql.programador13\.gradle\wrapper\dists\gradle-8.6-bin\afr5mpiioh2wthjmwnkmdsd5w\gradle-8.6\lib\agents\gradle-instrumentation-agent-8.6.jar org.gradle.launcher.daemon.bootstrap.GradleDaemon 8.6

Host: Intel(R) Core(TM) i7-2600K CPU @ 3.40GHz, 8 cores, 15G,  Windows 10 , 64 bit Build 19041 (10.0.19041.4597)
Time: Mon Jul 29 09:49:08 2024 Hora est. Pacífico, Sudamérica elapsed time: 14.218021 seconds (0d 0h 0m 14s)

---------------  T H R E A D  ---------------

Current thread (0x000002aa8b4ef5b0):  JavaThread "C2 CompilerThread2" daemon [_thread_in_native, id=10848, stack(0x000000d968200000,0x000000d968300000)]


Current CompileTask:
C2:  14218 4881   !   4       java.net.URLClassLoader$1::run (81 bytes)

Stack: [0x000000d968200000,0x000000d968300000],  sp=0x000000d9682fbcc0,  free space=1007k
Native frames: (J=compiled Java code, j=interpreted, Vv=VM code, C=native code)
V  [jvm.dll+0x370f91]
V  [jvm.dll+0x5723f6]
V  [jvm.dll+0x1be017]
V  [jvm.dll+0x21dbf9]
V  [jvm.dll+0x21cec1]
V  [jvm.dll+0x1a60ad]
V  [jvm.dll+0x22cd78]
V  [jvm.dll+0x22aeb0]
V  [jvm.dll+0x7f6917]
V  [jvm.dll+0x7f0d1a]
V  [jvm.dll+0x687d05]
C  [ucrtbase.dll+0x21bb2]
C  [KERNEL32.DLL+0x17374]
C  [ntdll.dll+0x4cc91]


siginfo: EXCEPTION_ACCESS_VIOLATION (0xc0000005), writing address 0x00005ffe50994198


Registers:
RAX=0x000000d9682feb80, RBX=0x00005ffe50994198, RCX=0x000002aa8e55db20, RDX=0x0000000000000003
RSP=0x000000d9682fbcc0, RBP=0x000002aa8ad4ef70, RSI=0x0000000000000050, RDI=0x000002aa8d7b0830
R8 =0x0000000000000000, R9 =0x000000d9682fbd68, R10=0x00007ffe50994198, R11=0x000000d9682fbcf8
R12=0x0000000000000000, R13=0x000002aa8b299600, R14=0x0000000000000050, R15=0x0000000000000020
RIP=0x00007ffe50170f91, EFLAGS=0x0000000000010202


Register to memory mapping:

RIP=0x00007ffe50170f91 jvm.dll
RAX=0x000000d9682feb80 is pointing into the stack for thread: 0x000002aa8b4ef5b0
RBX=0x00005ffe50994198 is an unknown value
RCX=0x000002aa8e55db20 points into unknown readable memory: 0x000002aa8e55da20 | 20 da 55 8e aa 02 00 00
RDX=0x0000000000000003 is an unknown value
RSP=0x000000d9682fbcc0 is pointing into the stack for thread: 0x000002aa8b4ef5b0
RBP=0x000002aa8ad4ef70 points into unknown readable memory: 0x0000000000000000 | 00 00 00 00 00 00 00 00
RSI=0x0000000000000050 is an unknown value
RDI=0x000002aa8d7b0830 points into unknown readable memory: 0x0000001200000000 | 00 00 00 00 12 00 00 00
R8 =0x0 is NULL
R9 =0x000000d9682fbd68 is pointing into the stack for thread: 0x000002aa8b4ef5b0
R10=0x00007ffe50994198 jvm.dll
R11=0x000000d9682fbcf8 is pointing into the stack for thread: 0x000002aa8b4ef5b0
R12=0x0 is NULL
R13=0x000002aa8b299600 points into unknown readable memory: 0x000002aa00000006 | 06 00 00 00 aa 02 00 00
R14=0x0000000000000050 is an unknown value
R15=0x0000000000000020 is an unknown value


Top of Stack: (sp=0x000000d9682fbcc0)
0x000000d9682fbcc0:   0000000000001001 000000d9682fbf10
0x000000d9682fbcd0:   000002aa8e3b5438 00000000000000c3
0x000000d9682fbce0:   000002aa8ad4ef70 00000000000005bb
0x000000d9682fbcf0:   000002aa8d7b0830 00007ffe503723f6
0x000000d9682fbd00:   000000000000000a 00000000000005bb
0x000000d9682fbd10:   000000d9682fbf10 0000000000000000
0x000000d9682fbd20:   000002aa87077628 0000000000000020
0x000000d9682fbd30:   000002aa8e3b5438 0000000000000618
0x000000d9682fbd40:   000002aa8b299600 000002aa8bb94c20
0x000000d9682fbd50:   00000000002d1290 000002aa8bb95210
0x000000d9682fbd60:   000002aa8bb9cc08 00007ffe00000040
0x000000d9682fbd70:   000002aa8e4d4a48 0000000000000040
0x000000d9682fbd80:   000002aa8b299600 0000000000000000
0x000000d9682fbd90:   0000000000202fb0 000002aa8a80c3a0
0x000000d9682fbda0:   00000000000003d8 000002aa8a80c788
0x000000d9682fbdb0:   000002aa8a80c3b0 0000000000000000
0x000000d9682fbdc0:   000000d9682fc310 000000d9682fbee0
0x000000d9682fbdd0:   000000d9682fc230 00007ffe4ffbe017
0x000000d9682fbde0:   000000d900000000 000000d900000001
0x000000d9682fbdf0:   000002aa87d18328 0000000000000050
0x000000d9682fbe00:   000000d900000000 000000000000000d
0x000000d9682fbe10:   0000000000000006 000002aa8a80c3a0
0x000000d9682fbe20:   000002aa8e5a1b10 000002aa8e5a3b00
0x000000d9682fbe30:   000002aa8e5a9af8 0000000000a2d5a0
0x000000d9682fbe40:   0000000000000000 0000000000000000
0x000000d9682fbe50:   0000000000000000 0000000000000000
0x000000d9682fbe60:   0000000000000000 00007ffe5073f058
0x000000d9682fbe70:   0000000000000000 0000000000000000
0x000000d9682fbe80:   0000000000000000 00007ffe5073f058
0x000000d9682fbe90:   000002aa00000000 0000000000000164
0x000000d9682fbea0:   000002aa0000000c 000000d9682feb80
0x000000d9682fbeb0:   000002aa8c828050 0000000050137d00 

Instructions: (pc=0x00007ffe50170f91)
0x00007ffe50170e91:   18 48 8b 88 e0 04 00 00 48 8b 99 80 00 00 00 48
0x00007ffe50170ea1:   8b 83 d0 08 00 00 48 85 c0 75 0c e8 ef 09 00 00
0x00007ffe50170eb1:   48 8b 83 d0 08 00 00 48 8b 08 0f 57 c0 48 89 8b
0x00007ffe50170ec1:   d0 08 00 00 0f 11 00 0f 11 40 10 48 83 c4 20 5b
0x00007ffe50170ed1:   c3 cc cc cc cc cc cc cc cc cc cc cc cc cc cc 48
0x00007ffe50170ee1:   89 5c 24 08 57 48 83 ec 20 8b da 48 8b f9 e8 6c
0x00007ffe50170ef1:   ff ff ff c1 eb 08 3b 5f 04 72 08 44 8d 43 01 44
0x00007ffe50170f01:   89 47 04 48 8b 4f 08 48 89 04 d9 48 8b 5c 24 30
0x00007ffe50170f11:   48 83 c4 20 5f c3 cc cc cc cc cc cc cc cc cc 48
0x00007ffe50170f21:   89 5c 24 08 48 89 6c 24 10 48 89 74 24 18 57 41
0x00007ffe50170f31:   56 41 57 48 83 ec 20 8b c2 48 8b f9 8b 15 f5 24
0x00007ffe50170f41:   87 00 41 be 50 00 00 00 48 8d 34 c5 00 00 00 00
0x00007ffe50170f51:   48 8b 41 08 48 8b 1c 06 65 48 8b 04 25 58 00 00
0x00007ffe50170f61:   00 48 8b 2c d0 41 80 3c 2e 00 75 05 e8 56 cf 52
0x00007ffe50170f71:   00 41 bf 20 00 00 00 49 8b 04 2f 48 8b 88 e0 04
0x00007ffe50170f81:   00 00 48 8b 81 80 00 00 00 48 8b 88 d0 08 00 00
0x00007ffe50170f91:   48 89 0b 41 80 3c 2e 00 75 05 e8 28 cf 52 00 49
0x00007ffe50170fa1:   8b 04 2f 48 8b 6c 24 48 48 8b 88 e0 04 00 00 48
0x00007ffe50170fb1:   8b 81 80 00 00 00 48 8d 0d da 31 82 00 48 89 98
0x00007ffe50170fc1:   d0 08 00 00 48 8b 47 08 48 8b 5c 24 40 48 89 0c
0x00007ffe50170fd1:   06 48 8b 74 24 50 48 83 c4 20 41 5f 41 5e 5f c3
0x00007ffe50170fe1:   cc cc cc cc cc cc cc cc cc cc cc cc cc cc cc 48
0x00007ffe50170ff1:   89 5c 24 18 57 48 83 ec 20 81 c2 ff 00 00 00 33
0x00007ffe50171001:   db c1 ea 08 48 8b f9 48 89 19 89 91 90 00 00 00
0x00007ffe50171011:   83 fa 10 77 09 48 83 c1 10 e9 a6 00 00 00 65 48
0x00007ffe50171021:   8b 04 25 58 00 00 00 8b 0d 0a 24 87 00 48 89 6c
0x00007ffe50171031:   24 30 48 89 74 24 38 48 8b 34 c8 b8 50 00 00 00
0x00007ffe50171041:   38 1c 30 75 0b e8 7d ce 52 00 8b 97 90 00 00 00
0x00007ffe50171051:   b8 20 00 00 00 8b ea 48 c1 e5 03 48 8b 04 30 48
0x00007ffe50171061:   8b 88 e0 04 00 00 48 8b 81 80 00 00 00 48 8b b0
0x00007ffe50171071:   c8 08 00 00 48 8b c5 48 f7 d0 48 8b 4e 18 48 3b
0x00007ffe50171081:   c1 73 16 4c 8d 05 0d 48 5b 00 48 8b d5 48 8b ce 


Stack slot to memory mapping:
stack at sp + 0 slots: 0x0000000000001001 is an unknown value
stack at sp + 1 slots: 0x000000d9682fbf10 is pointing into the stack for thread: 0x000002aa8b4ef5b0
stack at sp + 2 slots: 0x000002aa8e3b5438 points into unknown readable memory: 0x0000000000000000 | 00 00 00 00 00 00 00 00
stack at sp + 3 slots: 0x00000000000000c3 is an unknown value
stack at sp + 4 slots: 0x000002aa8ad4ef70 points into unknown readable memory: 0x0000000000000000 | 00 00 00 00 00 00 00 00
stack at sp + 5 slots: 0x00000000000005bb is an unknown value
stack at sp + 6 slots: 0x000002aa8d7b0830 points into unknown readable memory: 0x0000001200000000 | 00 00 00 00 12 00 00 00
stack at sp + 7 slots: 0x00007ffe503723f6 jvm.dll


---------------  P R O C E S S  ---------------

Threads class SMR info:
_java_thread_list=0x000002aa8afaff50, length=51, elements={
0x000002aae83ce3f0, 0x000002aa8246a590, 0x000002aa8246b5a0, 0x000002aa824ae4e0,
0x000002aa824b1ed0, 0x000002aa824b27a0, 0x000002aa824bb480, 0x000002aa824bf630,
0x000002aa824bfff0, 0x000002aa824d4cf0, 0x000002aa822ce280, 0x000002aa8276f420,
0x000002aa88f80be0, 0x000002aa87664730, 0x000002aa8973a030, 0x000002aa8854d230,
0x000002aa893cd430, 0x000002aa89bffa70, 0x000002aa89bfff50, 0x000002aa89b991a0,
0x000002aa89b97d60, 0x000002aa89b97850, 0x000002aa89b98780, 0x000002aa89b98c90,
0x000002aa893afbc0, 0x000002aa893aec90, 0x000002aa893ace30, 0x000002aa893b2440,
0x000002aa893ad850, 0x000002aa893b42a0, 0x000002aa893b05e0, 0x000002aa893b2e60,
0x000002aa893b3d90, 0x000002aa893b3370, 0x000002aa893b1f30, 0x000002aa893ad340,
0x000002aa893ae780, 0x000002aa893b47b0, 0x000002aa893add60, 0x000002aa893ae270,
0x000002aa893b2950, 0x000002aa893b00d0, 0x000002aa893b0af0, 0x000002aa893b1000,
0x000002aa893b1510, 0x000002aa893b1a20, 0x000002aa885a2140, 0x000002aa885a5e00,
0x000002aa885a3a90, 0x000002aa8b6b4bc0, 0x000002aa8b4ef5b0
}

Java Threads: ( => current thread )
  0x000002aae83ce3f0 JavaThread "main" [_thread_blocked, id=11816, stack(0x000000d964100000,0x000000d964200000)]
  0x000002aa8246a590 JavaThread "Reference Handler" daemon [_thread_blocked, id=12636, stack(0x000000d964800000,0x000000d964900000)]
  0x000002aa8246b5a0 JavaThread "Finalizer" daemon [_thread_blocked, id=1796, stack(0x000000d964900000,0x000000d964a00000)]
  0x000002aa824ae4e0 JavaThread "Signal Dispatcher" daemon [_thread_blocked, id=11212, stack(0x000000d964a00000,0x000000d964b00000)]
  0x000002aa824b1ed0 JavaThread "Attach Listener" daemon [_thread_blocked, id=11768, stack(0x000000d964b00000,0x000000d964c00000)]
  0x000002aa824b27a0 JavaThread "Service Thread" daemon [_thread_blocked, id=260, stack(0x000000d964c00000,0x000000d964d00000)]
  0x000002aa824bb480 JavaThread "Monitor Deflation Thread" daemon [_thread_blocked, id=14300, stack(0x000000d964d00000,0x000000d964e00000)]
  0x000002aa824bf630 JavaThread "C2 CompilerThread0" daemon [_thread_in_native, id=14160, stack(0x000000d964e00000,0x000000d964f00000)]
  0x000002aa824bfff0 JavaThread "C1 CompilerThread0" daemon [_thread_blocked, id=14500, stack(0x000000d964f00000,0x000000d965000000)]
  0x000002aa824d4cf0 JavaThread "Sweeper thread" daemon [_thread_blocked, id=6372, stack(0x000000d965000000,0x000000d965100000)]
  0x000002aa822ce280 JavaThread "Common-Cleaner" daemon [_thread_blocked, id=2372, stack(0x000000d965100000,0x000000d965200000)]
  0x000002aa8276f420 JavaThread "Notification Thread" daemon [_thread_blocked, id=14432, stack(0x000000d965200000,0x000000d965300000)]
  0x000002aa88f80be0 JavaThread "Daemon health stats" [_thread_blocked, id=12448, stack(0x000000d965b00000,0x000000d965c00000)]
  0x000002aa87664730 JavaThread "Incoming local TCP Connector on port 54264" [_thread_in_native, id=5236, stack(0x000000d965400000,0x000000d965500000)]
  0x000002aa8973a030 JavaThread "Daemon periodic checks" [_thread_blocked, id=12132, stack(0x000000d965a00000,0x000000d965b00000)]
  0x000002aa8854d230 JavaThread "Daemon" [_thread_blocked, id=13820, stack(0x000000d965c00000,0x000000d965d00000)]
  0x000002aa893cd430 JavaThread "Handler for socket connection from /127.0.0.1:54264 to /127.0.0.1:54265" [_thread_in_native, id=12460, stack(0x000000d965d00000,0x000000d965e00000)]
  0x000002aa89bffa70 JavaThread "Cancel handler" [_thread_blocked, id=9312, stack(0x000000d965e00000,0x000000d965f00000)]
  0x000002aa89bfff50 JavaThread "Daemon worker" [_thread_in_vm, id=11600, stack(0x000000d965f00000,0x000000d966000000)]
  0x000002aa89b991a0 JavaThread "Asynchronous log dispatcher for DefaultDaemonConnection: socket connection from /127.0.0.1:54264 to /127.0.0.1:54265" [_thread_blocked, id=12848, stack(0x000000d966000000,0x000000d966100000)]
  0x000002aa89b97d60 JavaThread "Stdin handler" [_thread_blocked, id=13360, stack(0x000000d966100000,0x000000d966200000)]
  0x000002aa89b97850 JavaThread "Daemon client event forwarder" [_thread_blocked, id=6980, stack(0x000000d966200000,0x000000d966300000)]
  0x000002aa89b98780 JavaThread "Cache worker for journal cache (C:\Users\sql.programador13\.gradle\caches\journal-1)" [_thread_blocked, id=6536, stack(0x000000d966600000,0x000000d966700000)]
  0x000002aa89b98c90 JavaThread "File lock request listener" [_thread_in_native, id=13500, stack(0x000000d966700000,0x000000d966800000)]
  0x000002aa893afbc0 JavaThread "Cache worker for file hash cache (C:\Users\sql.programador13\.gradle\caches\8.6\fileHashes)" [_thread_blocked, id=7212, stack(0x000000d966900000,0x000000d966a00000)]
  0x000002aa893aec90 JavaThread "File watcher server" daemon [_thread_in_native, id=1236, stack(0x000000d966a00000,0x000000d966b00000)]
  0x000002aa893ace30 JavaThread "File watcher consumer" daemon [_thread_blocked, id=704, stack(0x000000d966b00000,0x000000d966c00000)]
  0x000002aa893b2440 JavaThread "jar transforms" [_thread_blocked, id=12520, stack(0x000000d966800000,0x000000d966900000)]
  0x000002aa893ad850 JavaThread "jar transforms Thread 2" [_thread_blocked, id=4888, stack(0x000000d966c00000,0x000000d966d00000)]
  0x000002aa893b42a0 JavaThread "jar transforms Thread 3" [_thread_blocked, id=10560, stack(0x000000d966d00000,0x000000d966e00000)]
  0x000002aa893b05e0 JavaThread "jar transforms Thread 4" [_thread_blocked, id=14044, stack(0x000000d966e00000,0x000000d966f00000)]
  0x000002aa893b2e60 JavaThread "jar transforms Thread 5" [_thread_blocked, id=15176, stack(0x000000d966f00000,0x000000d967000000)]
  0x000002aa893b3d90 JavaThread "jar transforms Thread 6" [_thread_blocked, id=7568, stack(0x000000d967000000,0x000000d967100000)]
  0x000002aa893b3370 JavaThread "jar transforms Thread 7" [_thread_blocked, id=2060, stack(0x000000d967100000,0x000000d967200000)]
  0x000002aa893b1f30 JavaThread "jar transforms Thread 8" [_thread_blocked, id=9924, stack(0x000000d967200000,0x000000d967300000)]
  0x000002aa893ad340 JavaThread "Cache worker for checksums cache (D:\BotonesApp\.gradle\8.6\checksums)" [_thread_blocked, id=12500, stack(0x000000d967400000,0x000000d967500000)]
  0x000002aa893ae780 JavaThread "Cache worker for file hash cache (D:\BotonesApp\.gradle\8.6\fileHashes)" [_thread_blocked, id=4428, stack(0x000000d967500000,0x000000d967600000)]
  0x000002aa893b47b0 JavaThread "Cache worker for cache directory md-supplier (C:\Users\sql.programador13\.gradle\caches\8.6\md-supplier)" [_thread_blocked, id=7828, stack(0x000000d967600000,0x000000d967700000)]
  0x000002aa893add60 JavaThread "Cache worker for cache directory md-rule (C:\Users\sql.programador13\.gradle\caches\8.6\md-rule)" [_thread_blocked, id=11536, stack(0x000000d967700000,0x000000d967800000)]
  0x000002aa893ae270 JavaThread "Cache worker for file content cache (C:\Users\sql.programador13\.gradle\caches\8.6\fileContent)" [_thread_blocked, id=13604, stack(0x000000d967800000,0x000000d967900000)]
  0x000002aa893b2950 JavaThread "Unconstrained build operations" [_thread_blocked, id=8920, stack(0x000000d967300000,0x000000d967400000)]
  0x000002aa893b00d0 JavaThread "Unconstrained build operations Thread 2" [_thread_blocked, id=13520, stack(0x000000d967900000,0x000000d967a00000)]
  0x000002aa893b0af0 JavaThread "Unconstrained build operations Thread 3" [_thread_blocked, id=1496, stack(0x000000d967b00000,0x000000d967c00000)]
  0x000002aa893b1000 JavaThread "Unconstrained build operations Thread 4" [_thread_blocked, id=8296, stack(0x000000d967c00000,0x000000d967d00000)]
  0x000002aa893b1510 JavaThread "Unconstrained build operations Thread 5" [_thread_blocked, id=15020, stack(0x000000d967d00000,0x000000d967e00000)]
  0x000002aa893b1a20 JavaThread "Unconstrained build operations Thread 6" [_thread_blocked, id=1692, stack(0x000000d967e00000,0x000000d967f00000)]
  0x000002aa885a2140 JavaThread "Unconstrained build operations Thread 7" [_thread_blocked, id=2092, stack(0x000000d967f00000,0x000000d968000000)]
  0x000002aa885a5e00 JavaThread "Unconstrained build operations Thread 8" [_thread_blocked, id=10900, stack(0x000000d968000000,0x000000d968100000)]
  0x000002aa885a3a90 JavaThread "Unconstrained build operations Thread 9" [_thread_blocked, id=5900, stack(0x000000d968100000,0x000000d968200000)]
  0x000002aa8b6b4bc0 JavaThread "C2 CompilerThread1" daemon [_thread_in_native, id=14096, stack(0x000000d967a00000,0x000000d967b00000)]
=>0x000002aa8b4ef5b0 JavaThread "C2 CompilerThread2" daemon [_thread_in_native, id=10848, stack(0x000000d968200000,0x000000d968300000)]

Other Threads:
  0x000002aa82467440 VMThread "VM Thread" [stack: 0x000000d964700000,0x000000d964800000] [id=1132]
  0x000002aa8276f900 WatcherThread [stack: 0x000000d965300000,0x000000d965400000] [id=6796]
  0x000002aae8429590 GCTaskThread "GC Thread#0" [stack: 0x000000d964200000,0x000000d964300000] [id=14308]
  0x000002aa87975cd0 GCTaskThread "GC Thread#1" [stack: 0x000000d965500000,0x000000d965600000] [id=1820]
  0x000002aa87d7b6d0 GCTaskThread "GC Thread#2" [stack: 0x000000d965600000,0x000000d965700000] [id=3988]
  0x000002aa87316c10 GCTaskThread "GC Thread#3" [stack: 0x000000d965700000,0x000000d965800000] [id=1712]
  0x000002aa87316ed0 GCTaskThread "GC Thread#4" [stack: 0x000000d965800000,0x000000d965900000] [id=7892]
  0x000002aa87974620 GCTaskThread "GC Thread#5" [stack: 0x000000d965900000,0x000000d965a00000] [id=13832]
  0x000002aa88bf8900 GCTaskThread "GC Thread#6" [stack: 0x000000d966300000,0x000000d966400000] [id=12832]
  0x000002aa89da50b0 GCTaskThread "GC Thread#7" [stack: 0x000000d966400000,0x000000d966500000] [id=12608]
  0x000002aae843a3f0 ConcurrentGCThread "G1 Main Marker" [stack: 0x000000d964300000,0x000000d964400000] [id=11776]
  0x000002aae843b4c0 ConcurrentGCThread "G1 Conc#0" [stack: 0x000000d964400000,0x000000d964500000] [id=3060]
  0x000002aa88dce310 ConcurrentGCThread "G1 Conc#1" [stack: 0x000000d966500000,0x000000d966600000] [id=7144]
  0x000002aae848d920 ConcurrentGCThread "G1 Refine#0" [stack: 0x000000d964500000,0x000000d964600000] [id=148]
  0x000002aae848e260 ConcurrentGCThread "G1 Service" [stack: 0x000000d964600000,0x000000d964700000] [id=14052]

Threads with active compile tasks:
C2 CompilerThread0    14311 4878   !   4       java.net.URLClassLoader::findClass (47 bytes)
C2 CompilerThread2    14311 4881   !   4       java.net.URLClassLoader$1::run (81 bytes)

VM state: not at safepoint (normal execution)

VM Mutex/Monitor currently owned by a thread: None

Heap address: 0x0000000080000000, size: 2048 MB, Compressed Oops mode: 32-bit

CDS archive(s) not mapped
Compressed class space mapped at: 0x0000000100000000-0x0000000140000000, reserved size: 1073741824
Narrow klass base: 0x0000000000000000, Narrow klass shift: 3, Narrow klass range: 0x140000000

GC Precious Log:
 CPUs: 8 total, 8 available
 Memory: 16269M
 Large Page Support: Disabled
 NUMA Support: Disabled
 Compressed Oops: Enabled (32-bit)
 Heap Region Size: 1M
 Heap Min Capacity: 8M
 Heap Initial Capacity: 256M
 Heap Max Capacity: 2G
 Pre-touch: Disabled
 Parallel Workers: 8
 Concurrent Workers: 2
 Concurrent Refinement Workers: 8
 Periodic GC: Disabled

Heap:
 garbage-first heap   total 114688K, used 71442K [0x0000000080000000, 0x0000000100000000)
  region size 1024K, 12 young (12288K), 3 survivors (3072K)
 Metaspace       used 57625K, committed 58240K, reserved 1114112K
  class space    used 8147K, committed 8448K, reserved 1048576K

Heap Regions: E=young(eden), S=young(survivor), O=old, HS=humongous(starts), HC=humongous(continues), CS=collection set, F=free, OA=open archive, CA=closed archive, TAMS=top-at-mark-start (previous, next)
|   0|0x0000000080000000, 0x0000000080100000, 0x0000000080100000|100%|HS|  |TAMS 0x0000000080100000, 0x0000000080000000| Complete 
|   1|0x0000000080100000, 0x0000000080200000, 0x0000000080200000|100%|HC|  |TAMS 0x0000000080200000, 0x0000000080100000| Complete 
|   2|0x0000000080200000, 0x0000000080300000, 0x0000000080300000|100%|HC|  |TAMS 0x0000000080300000, 0x0000000080200000| Complete 
|   3|0x0000000080300000, 0x0000000080400000, 0x0000000080400000|100%|HC|  |TAMS 0x0000000080400000, 0x0000000080300000| Complete 
|   4|0x0000000080400000, 0x0000000080500000, 0x0000000080500000|100%| O|  |TAMS 0x0000000080500000, 0x0000000080400000| Untracked 
|   5|0x0000000080500000, 0x0000000080600000, 0x0000000080600000|100%| O|  |TAMS 0x0000000080600000, 0x0000000080500000| Untracked 
|   6|0x0000000080600000, 0x0000000080700000, 0x0000000080700000|100%| O|  |TAMS 0x0000000080700000, 0x0000000080600000| Untracked 
|   7|0x0000000080700000, 0x0000000080800000, 0x0000000080800000|100%| O|  |TAMS 0x0000000080800000, 0x0000000080700000| Untracked 
|   8|0x0000000080800000, 0x0000000080900000, 0x0000000080900000|100%| O|  |TAMS 0x0000000080900000, 0x0000000080800000| Untracked 
|   9|0x0000000080900000, 0x0000000080a00000, 0x0000000080a00000|100%| O|  |TAMS 0x0000000080a00000, 0x0000000080900000| Untracked 
|  10|0x0000000080a00000, 0x0000000080aa0e00, 0x0000000080b00000| 62%| O|  |TAMS 0x0000000080aa0e00, 0x0000000080a00000| Untracked 
|  11|0x0000000080b00000, 0x0000000080c00000, 0x0000000080c00000|100%| O|  |TAMS 0x0000000080c00000, 0x0000000080b00000| Untracked 
|  12|0x0000000080c00000, 0x0000000080d00000, 0x0000000080d00000|100%| O|  |TAMS 0x0000000080d00000, 0x0000000080c00000| Untracked 
|  13|0x0000000080d00000, 0x0000000080e00000, 0x0000000080e00000|100%| O|  |TAMS 0x0000000080e00000, 0x0000000080d00000| Untracked 
|  14|0x0000000080e00000, 0x0000000080f00000, 0x0000000080f00000|100%| O|  |TAMS 0x0000000080f00000, 0x0000000080e00000| Untracked 
|  15|0x0000000080f00000, 0x0000000081000000, 0x0000000081000000|100%| O|  |TAMS 0x0000000081000000, 0x0000000080f00000| Untracked 
|  16|0x0000000081000000, 0x0000000081100000, 0x0000000081100000|100%| O|  |TAMS 0x0000000081100000, 0x0000000081000000| Untracked 
|  17|0x0000000081100000, 0x0000000081200000, 0x0000000081200000|100%| O|  |TAMS 0x0000000081200000, 0x0000000081100000| Untracked 
|  18|0x0000000081200000, 0x0000000081300000, 0x0000000081300000|100%| O|  |TAMS 0x0000000081300000, 0x0000000081200000| Untracked 
|  19|0x0000000081300000, 0x0000000081400000, 0x0000000081400000|100%| O|  |TAMS 0x0000000081400000, 0x0000000081300000| Untracked 
|  20|0x0000000081400000, 0x0000000081500000, 0x0000000081500000|100%|HS|  |TAMS 0x0000000081500000, 0x0000000081400000| Complete 
|  21|0x0000000081500000, 0x0000000081600000, 0x0000000081600000|100%|HC|  |TAMS 0x0000000081600000, 0x0000000081500000| Complete 
|  22|0x0000000081600000, 0x0000000081700000, 0x0000000081700000|100%|HS|  |TAMS 0x0000000081700000, 0x0000000081600000| Complete 
|  23|0x0000000081700000, 0x0000000081800000, 0x0000000081800000|100%|HC|  |TAMS 0x0000000081800000, 0x0000000081700000| Complete 
|  24|0x0000000081800000, 0x0000000081900000, 0x0000000081900000|100%|HC|  |TAMS 0x0000000081900000, 0x0000000081800000| Complete 
|  25|0x0000000081900000, 0x0000000081a00000, 0x0000000081a00000|100%|HS|  |TAMS 0x0000000081a00000, 0x0000000081900000| Complete 
|  26|0x0000000081a00000, 0x0000000081b00000, 0x0000000081b00000|100%|HC|  |TAMS 0x0000000081b00000, 0x0000000081a00000| Complete 
|  27|0x0000000081b00000, 0x0000000081c00000, 0x0000000081c00000|100%|HC|  |TAMS 0x0000000081c00000, 0x0000000081b00000| Complete 
|  28|0x0000000081c00000, 0x0000000081d00000, 0x0000000081d00000|100%|HS|  |TAMS 0x0000000081d00000, 0x0000000081c00000| Complete 
|  29|0x0000000081d00000, 0x0000000081e00000, 0x0000000081e00000|100%|HC|  |TAMS 0x0000000081e00000, 0x0000000081d00000| Complete 
|  30|0x0000000081e00000, 0x0000000081f00000, 0x0000000081f00000|100%|HC|  |TAMS 0x0000000081f00000, 0x0000000081e00000| Complete 
|  31|0x0000000081f00000, 0x0000000082000000, 0x0000000082000000|100%| O|  |TAMS 0x0000000082000000, 0x0000000081f00000| Untracked 
|  32|0x0000000082000000, 0x0000000082100000, 0x0000000082100000|100%| O|  |TAMS 0x0000000082100000, 0x0000000082000000| Untracked 
|  33|0x0000000082100000, 0x0000000082200000, 0x0000000082200000|100%| O|  |TAMS 0x0000000082200000, 0x0000000082100000| Untracked 
|  34|0x0000000082200000, 0x0000000082300000, 0x0000000082300000|100%| O|  |TAMS 0x0000000082300000, 0x0000000082200000| Untracked 
|  35|0x0000000082300000, 0x0000000082400000, 0x0000000082400000|100%| O|  |TAMS 0x0000000082400000, 0x0000000082300000| Untracked 
|  36|0x0000000082400000, 0x0000000082500000, 0x0000000082500000|100%| O|  |TAMS 0x0000000082500000, 0x0000000082400000| Untracked 
|  37|0x0000000082500000, 0x0000000082600000, 0x0000000082600000|100%| O|  |TAMS 0x0000000082600000, 0x0000000082500000| Untracked 
|  38|0x0000000082600000, 0x0000000082700000, 0x0000000082700000|100%| O|  |TAMS 0x0000000082700000, 0x0000000082600000| Untracked 
|  39|0x0000000082700000, 0x0000000082800000, 0x0000000082800000|100%| O|  |TAMS 0x0000000082800000, 0x0000000082700000| Untracked 
|  40|0x0000000082800000, 0x0000000082900000, 0x0000000082900000|100%| O|  |TAMS 0x0000000082900000, 0x0000000082800000| Untracked 
|  41|0x0000000082900000, 0x0000000082a00000, 0x0000000082a00000|100%| O|  |TAMS 0x0000000082a00000, 0x0000000082900000| Untracked 
|  42|0x0000000082a00000, 0x0000000082b00000, 0x0000000082b00000|100%| O|  |TAMS 0x0000000082b00000, 0x0000000082a00000| Untracked 
|  43|0x0000000082b00000, 0x0000000082c00000, 0x0000000082c00000|100%| O|  |TAMS 0x0000000082c00000, 0x0000000082b00000| Untracked 
|  44|0x0000000082c00000, 0x0000000082d00000, 0x0000000082d00000|100%|HS|  |TAMS 0x0000000082d00000, 0x0000000082c00000| Complete 
|  45|0x0000000082d00000, 0x0000000082e00000, 0x0000000082e00000|100%|HC|  |TAMS 0x0000000082e00000, 0x0000000082d00000| Complete 
|  46|0x0000000082e00000, 0x0000000082f00000, 0x0000000082f00000|100%|HC|  |TAMS 0x0000000082f00000, 0x0000000082e00000| Complete 
|  47|0x0000000082f00000, 0x0000000083000000, 0x0000000083000000|100%| O|  |TAMS 0x0000000083000000, 0x0000000082f00000| Untracked 
|  48|0x0000000083000000, 0x0000000083100000, 0x0000000083100000|100%|HS|  |TAMS 0x0000000083100000, 0x0000000083000000| Complete 
|  49|0x0000000083100000, 0x0000000083200000, 0x0000000083200000|100%|HC|  |TAMS 0x0000000083200000, 0x0000000083100000| Complete 
|  50|0x0000000083200000, 0x0000000083300000, 0x0000000083300000|100%|HC|  |TAMS 0x0000000083300000, 0x0000000083200000| Complete 
|  51|0x0000000083300000, 0x0000000083400000, 0x0000000083400000|100%| O|  |TAMS 0x0000000083400000, 0x0000000083300000| Untracked 
|  52|0x0000000083400000, 0x0000000083500000, 0x0000000083500000|100%| O|  |TAMS 0x0000000083500000, 0x0000000083400000| Untracked 
|  53|0x0000000083500000, 0x0000000083600000, 0x0000000083600000|100%| O|  |TAMS 0x0000000083600000, 0x0000000083500000| Untracked 
|  54|0x0000000083600000, 0x0000000083700000, 0x0000000083700000|100%|HS|  |TAMS 0x0000000083700000, 0x0000000083600000| Complete 
|  55|0x0000000083700000, 0x0000000083800000, 0x0000000083800000|100%|HC|  |TAMS 0x0000000083800000, 0x0000000083700000| Complete 
|  56|0x0000000083800000, 0x0000000083900000, 0x0000000083900000|100%|HC|  |TAMS 0x0000000083900000, 0x0000000083800000| Complete 
|  57|0x0000000083900000, 0x0000000083a00000, 0x0000000083a00000|100%| O|  |TAMS 0x0000000083a00000, 0x0000000083900000| Untracked 
|  58|0x0000000083a00000, 0x0000000083b00000, 0x0000000083b00000|100%| O|  |TAMS 0x0000000083b00000, 0x0000000083a00000| Untracked 
|  59|0x0000000083b00000, 0x0000000083b00000, 0x0000000083c00000|  0%| F|  |TAMS 0x0000000083b00000, 0x0000000083b00000| Untracked 
|  60|0x0000000083c00000, 0x0000000083c00000, 0x0000000083d00000|  0%| F|  |TAMS 0x0000000083c00000, 0x0000000083c00000| Untracked 
|  61|0x0000000083d00000, 0x0000000083dc3c00, 0x0000000083e00000| 76%| O|  |TAMS 0x0000000083dc3c00, 0x0000000083d00000| Untracked 
|  62|0x0000000083e00000, 0x0000000083e00000, 0x0000000083f00000|  0%| F|  |TAMS 0x0000000083e00000, 0x0000000083e00000| Untracked 
|  63|0x0000000083f00000, 0x0000000083f00000, 0x0000000084000000|  0%| F|  |TAMS 0x0000000083f00000, 0x0000000083f00000| Untracked 
|  64|0x0000000084000000, 0x0000000084000000, 0x0000000084100000|  0%| F|  |TAMS 0x0000000084000000, 0x0000000084000000| Untracked 
|  65|0x0000000084100000, 0x0000000084100000, 0x0000000084200000|  0%| F|  |TAMS 0x0000000084100000, 0x0000000084100000| Untracked 
|  66|0x0000000084200000, 0x0000000084200000, 0x0000000084300000|  0%| F|  |TAMS 0x0000000084200000, 0x0000000084200000| Untracked 
|  67|0x0000000084300000, 0x0000000084300000, 0x0000000084400000|  0%| F|  |TAMS 0x0000000084300000, 0x0000000084300000| Untracked 
|  68|0x0000000084400000, 0x0000000084400000, 0x0000000084500000|  0%| F|  |TAMS 0x0000000084400000, 0x0000000084400000| Untracked 
|  69|0x0000000084500000, 0x0000000084500000, 0x0000000084600000|  0%| F|  |TAMS 0x0000000084500000, 0x0000000084500000| Untracked 
|  70|0x0000000084600000, 0x0000000084600000, 0x0000000084700000|  0%| F|  |TAMS 0x0000000084600000, 0x0000000084600000| Untracked 
|  71|0x0000000084700000, 0x0000000084700000, 0x0000000084800000|  0%| F|  |TAMS 0x0000000084700000, 0x0000000084700000| Untracked 
|  72|0x0000000084800000, 0x0000000084800000, 0x0000000084900000|  0%| F|  |TAMS 0x0000000084800000, 0x0000000084800000| Untracked 
|  73|0x0000000084900000, 0x0000000084900000, 0x0000000084a00000|  0%| F|  |TAMS 0x0000000084900000, 0x0000000084900000| Untracked 
|  74|0x0000000084a00000, 0x0000000084a00000, 0x0000000084b00000|  0%| F|  |TAMS 0x0000000084a00000, 0x0000000084a00000| Untracked 
|  75|0x0000000084b00000, 0x0000000084b00000, 0x0000000084c00000|  0%| F|  |TAMS 0x0000000084b00000, 0x0000000084b00000| Untracked 
|  76|0x0000000084c00000, 0x0000000084c00000, 0x0000000084d00000|  0%| F|  |TAMS 0x0000000084c00000, 0x0000000084c00000| Untracked 
|  77|0x0000000084d00000, 0x0000000084d00000, 0x0000000084e00000|  0%| F|  |TAMS 0x0000000084d00000, 0x0000000084d00000| Untracked 
|  78|0x0000000084e00000, 0x0000000084e00000, 0x0000000084f00000|  0%| F|  |TAMS 0x0000000084e00000, 0x0000000084e00000| Untracked 
|  79|0x0000000084f00000, 0x0000000084f00000, 0x0000000085000000|  0%| F|  |TAMS 0x0000000084f00000, 0x0000000084f00000| Untracked 
|  80|0x0000000085000000, 0x0000000085000000, 0x0000000085100000|  0%| F|  |TAMS 0x0000000085000000, 0x0000000085000000| Untracked 
|  81|0x0000000085100000, 0x0000000085100000, 0x0000000085200000|  0%| F|  |TAMS 0x0000000085100000, 0x0000000085100000| Untracked 
|  82|0x0000000085200000, 0x0000000085200000, 0x0000000085300000|  0%| F|  |TAMS 0x0000000085200000, 0x0000000085200000| Untracked 
|  83|0x0000000085300000, 0x0000000085360190, 0x0000000085400000| 37%| S|CS|TAMS 0x0000000085300000, 0x0000000085300000| Complete 
|  84|0x0000000085400000, 0x0000000085500000, 0x0000000085500000|100%| S|CS|TAMS 0x0000000085400000, 0x0000000085400000| Complete 
|  85|0x0000000085500000, 0x0000000085600000, 0x0000000085600000|100%| S|CS|TAMS 0x0000000085500000, 0x0000000085500000| Complete 
|  86|0x0000000085600000, 0x0000000085600000, 0x0000000085700000|  0%| F|  |TAMS 0x0000000085600000, 0x0000000085600000| Untracked 
|  87|0x0000000085700000, 0x0000000085700000, 0x0000000085800000|  0%| F|  |TAMS 0x0000000085700000, 0x0000000085700000| Untracked 
|  88|0x0000000085800000, 0x0000000085800000, 0x0000000085900000|  0%| F|  |TAMS 0x0000000085800000, 0x0000000085800000| Untracked 
|  89|0x0000000085900000, 0x0000000085900000, 0x0000000085a00000|  0%| F|  |TAMS 0x0000000085900000, 0x0000000085900000| Untracked 
|  90|0x0000000085a00000, 0x0000000085a00000, 0x0000000085b00000|  0%| F|  |TAMS 0x0000000085a00000, 0x0000000085a00000| Untracked 
|  91|0x0000000085b00000, 0x0000000085b00000, 0x0000000085c00000|  0%| F|  |TAMS 0x0000000085b00000, 0x0000000085b00000| Untracked 
|  92|0x0000000085c00000, 0x0000000085c00000, 0x0000000085d00000|  0%| F|  |TAMS 0x0000000085c00000, 0x0000000085c00000| Untracked 
|  93|0x0000000085d00000, 0x0000000085d00000, 0x0000000085e00000|  0%| F|  |TAMS 0x0000000085d00000, 0x0000000085d00000| Untracked 
|  94|0x0000000085e00000, 0x0000000085e00000, 0x0000000085f00000|  0%| F|  |TAMS 0x0000000085e00000, 0x0000000085e00000| Untracked 
|  95|0x0000000085f00000, 0x0000000085f00000, 0x0000000086000000|  0%| F|  |TAMS 0x0000000085f00000, 0x0000000085f00000| Untracked 
|  96|0x0000000086000000, 0x0000000086000000, 0x0000000086100000|  0%| F|  |TAMS 0x0000000086000000, 0x0000000086000000| Untracked 
|  97|0x0000000086100000, 0x0000000086100000, 0x0000000086200000|  0%| F|  |TAMS 0x0000000086100000, 0x0000000086100000| Untracked 
|  98|0x0000000086200000, 0x0000000086200000, 0x0000000086300000|  0%| F|  |TAMS 0x0000000086200000, 0x0000000086200000| Untracked 
|  99|0x0000000086300000, 0x0000000086300000, 0x0000000086400000|  0%| F|  |TAMS 0x0000000086300000, 0x0000000086300000| Untracked 
| 100|0x0000000086400000, 0x0000000086400000, 0x0000000086500000|  0%| F|  |TAMS 0x0000000086400000, 0x0000000086400000| Untracked 
| 101|0x0000000086500000, 0x0000000086500000, 0x0000000086600000|  0%| F|  |TAMS 0x0000000086500000, 0x0000000086500000| Untracked 
| 197|0x000000008c500000, 0x000000008c500000, 0x000000008c600000|  0%| F|  |TAMS 0x000000008c500000, 0x000000008c500000| Untracked 
| 198|0x000000008c600000, 0x000000008c6f9610, 0x000000008c700000| 97%| E|  |TAMS 0x000000008c600000, 0x000000008c600000| Complete 
| 199|0x000000008c700000, 0x000000008c800000, 0x000000008c800000|100%| E|CS|TAMS 0x000000008c700000, 0x000000008c700000| Complete 
| 200|0x000000008c800000, 0x000000008c900000, 0x000000008c900000|100%| E|CS|TAMS 0x000000008c800000, 0x000000008c800000| Complete 
| 201|0x000000008c900000, 0x000000008ca00000, 0x000000008ca00000|100%| E|CS|TAMS 0x000000008c900000, 0x000000008c900000| Complete 
| 202|0x000000008ca00000, 0x000000008cb00000, 0x000000008cb00000|100%| E|CS|TAMS 0x000000008ca00000, 0x000000008ca00000| Complete 
| 203|0x000000008cb00000, 0x000000008cc00000, 0x000000008cc00000|100%| E|CS|TAMS 0x000000008cb00000, 0x000000008cb00000| Complete 
| 204|0x000000008cc00000, 0x000000008cd00000, 0x000000008cd00000|100%| E|CS|TAMS 0x000000008cc00000, 0x000000008cc00000| Complete 
| 205|0x000000008cd00000, 0x000000008ce00000, 0x000000008ce00000|100%| E|CS|TAMS 0x000000008cd00000, 0x000000008cd00000| Complete 
| 255|0x000000008ff00000, 0x0000000090000000, 0x0000000090000000|100%| E|CS|TAMS 0x000000008ff00000, 0x000000008ff00000| Complete 

Card table byte_map: [0x000002aafafe0000,0x000002aafb3e0000] _byte_map_base: 0x000002aafabe0000

Marking Bits (Prev, Next): (CMBitMap*) 0x000002aae8429ac0, (CMBitMap*) 0x000002aae8429b00
 Prev Bits: [0x000002aafb7e0000, 0x000002aafd7e0000)
 Next Bits: [0x000002aafd7e0000, 0x000002aaff7e0000)

Polling page: 0x000002aae7b90000

Metaspace:

Usage:
  Non-class:     48.34 MB used.
      Class:      7.96 MB used.
       Both:     56.30 MB used.

Virtual space:
  Non-class space:       64.00 MB reserved,      48.62 MB ( 76%) committed,  1 nodes.
      Class space:        1.00 GB reserved,       8.25 MB ( <1%) committed,  1 nodes.
             Both:        1.06 GB reserved,      56.88 MB (  5%) committed. 

Chunk freelists:
   Non-Class:  15.20 MB
       Class:  7.78 MB
        Both:  22.98 MB

MaxMetaspaceSize: unlimited
CompressedClassSpaceSize: 1.00 GB
Initial GC threshold: 21.00 MB
Current GC threshold: 92.94 MB
CDS: off
MetaspaceReclaimPolicy: balanced
 - commit_granule_bytes: 65536.
 - commit_granule_words: 8192.
 - virtual_space_node_default_size: 8388608.
 - enlarge_chunks_in_place: 1.
 - new_chunks_are_fully_committed: 0.
 - uncommit_free_chunks: 1.
 - use_allocation_guard: 0.
 - handle_deallocations: 1.


Internal statistics:

num_allocs_failed_limit: 3.
num_arena_births: 628.
num_arena_deaths: 2.
num_vsnodes_births: 2.
num_vsnodes_deaths: 0.
num_space_committed: 910.
num_space_uncommitted: 0.
num_chunks_returned_to_freelist: 6.
num_chunks_taken_from_freelist: 2522.
num_chunk_merges: 0.
num_chunk_splits: 1671.
num_chunks_enlarged: 1163.
num_inconsistent_stats: 0.

CodeHeap 'non-profiled nmethods': size=120000Kb used=2259Kb max_used=3057Kb free=117741Kb
 bounds [0x000002aaf3380000, 0x000002aaf3680000, 0x000002aafa8b0000]
CodeHeap 'profiled nmethods': size=120000Kb used=8295Kb max_used=10334Kb free=111704Kb
 bounds [0x000002aaeb8b0000, 0x000002aaec2d0000, 0x000002aaf2de0000]
CodeHeap 'non-nmethods': size=5760Kb used=2313Kb max_used=2370Kb free=3446Kb
 bounds [0x000002aaf2de0000, 0x000002aaf3050000, 0x000002aaf3380000]
 total_blobs=4969 nmethods=4140 adapters=740
 compilation: enabled
              stopped_count=0, restarted_count=0
 full_count=0

Compilation events (20 events):
Event: 14.002 Thread 0x000002aa824bfff0 4887   !   3       org.jetbrains.kotlin.com.intellij.psi.tree.IElementType::<init> (284 bytes)
Event: 14.004 Thread 0x000002aa824bfff0 nmethod 4887 0x000002aaeb8ec510 code [0x000002aaeb8ec940, 0x000002aaeb8ee3f8]
Event: 14.004 Thread 0x000002aa824bfff0 4888       3       org.jetbrains.kotlin.com.intellij.psi.tree.IElementType::<init> (29 bytes)
Event: 14.004 Thread 0x000002aa824bfff0 nmethod 4888 0x000002aaeb8f5d90 code [0x000002aaeb8f5f60, 0x000002aaeb8f6288]
Event: 14.073 Thread 0x000002aa824bfff0 4889       3       org.jetbrains.kotlin.lexer._JetLexer::ZZ_CMAP (34 bytes)
Event: 14.073 Thread 0x000002aa824bfff0 nmethod 4889 0x000002aaeb8ce010 code [0x000002aaeb8ce1c0, 0x000002aaeb8ce358]
Event: 14.075 Thread 0x000002aa824bfff0 4890   !   3       org.jetbrains.kotlin.com.intellij.lexer.FlexAdapter::locateToken (108 bytes)
Event: 14.076 Thread 0x000002aa824bfff0 nmethod 4890 0x000002aaebb7de90 code [0x000002aaebb7e0c0, 0x000002aaebb7e788]
Event: 14.077 Thread 0x000002aa824bfff0 4891       3       org.jetbrains.kotlin.com.intellij.lexer.FlexAdapter::getTokenType (9 bytes)
Event: 14.077 Thread 0x000002aa824bfff0 nmethod 4891 0x000002aaeb8ebe10 code [0x000002aaeb8ebfa0, 0x000002aaeb8ec168]
Event: 14.117 Thread 0x000002aa824bfff0 4892       3       java.util.Spliterators::emptySpliterator (4 bytes)
Event: 14.117 Thread 0x000002aa824bfff0 nmethod 4892 0x000002aaebb6fa90 code [0x000002aaebb6fc20, 0x000002aaebb6fd18]
Event: 14.118 Thread 0x000002aa824bfff0 4893       3       java.lang.CharacterDataLatin1::isWhitespace (23 bytes)
Event: 14.118 Thread 0x000002aa824bfff0 nmethod 4893 0x000002aaeb8d5c10 code [0x000002aaeb8d5dc0, 0x000002aaeb8d5fb8]
Event: 14.118 Thread 0x000002aa824bfff0 4895       3       kotlin.ranges.IntProgressionIterator::nextInt (51 bytes)
Event: 14.119 Thread 0x000002aa824bfff0 nmethod 4895 0x000002aaeb9cc010 code [0x000002aaeb9cc1c0, 0x000002aaeb9cc468]
Event: 14.119 Thread 0x000002aa824bfff0 4894       1       kotlin.ranges.IntProgressionIterator::hasNext (5 bytes)
Event: 14.119 Thread 0x000002aa824bfff0 nmethod 4894 0x000002aaf338bd10 code [0x000002aaf338bea0, 0x000002aaf338bf78]
Event: 14.122 Thread 0x000002aa824bfff0 4896   !   3       java.util.concurrent.ConcurrentHashMap::putVal (432 bytes)
Event: 14.124 Thread 0x000002aa824bfff0 nmethod 4896 0x000002aaeb91dd90 code [0x000002aaeb91e100, 0x000002aaeb91fc48]

GC Heap History (20 events):
Event: 10.309 GC heap before
{Heap before GC invocations=12 (full 0):
 garbage-first heap   total 73728K, used 55522K [0x0000000080000000, 0x0000000100000000)
  region size 1024K, 17 young (17408K), 3 survivors (3072K)
 Metaspace       used 43681K, committed 44032K, reserved 1114112K
  class space    used 5888K, committed 6080K, reserved 1048576K
}
Event: 10.315 GC heap after
{Heap after GC invocations=13 (full 0):
 garbage-first heap   total 73728K, used 43984K [0x0000000080000000, 0x0000000100000000)
  region size 1024K, 2 young (2048K), 2 survivors (2048K)
 Metaspace       used 43681K, committed 44032K, reserved 1114112K
  class space    used 5888K, committed 6080K, reserved 1048576K
}
Event: 10.460 GC heap before
{Heap before GC invocations=13 (full 0):
 garbage-first heap   total 73728K, used 58320K [0x0000000080000000, 0x0000000100000000)
  region size 1024K, 16 young (16384K), 2 survivors (2048K)
 Metaspace       used 43763K, committed 44160K, reserved 1114112K
  class space    used 5893K, committed 6080K, reserved 1048576K
}
Event: 10.463 GC heap after
{Heap after GC invocations=14 (full 0):
 garbage-first heap   total 73728K, used 44603K [0x0000000080000000, 0x0000000100000000)
  region size 1024K, 2 young (2048K), 2 survivors (2048K)
 Metaspace       used 43763K, committed 44160K, reserved 1114112K
  class space    used 5893K, committed 6080K, reserved 1048576K
}
Event: 10.629 GC heap before
{Heap before GC invocations=15 (full 0):
 garbage-first heap   total 78848K, used 48699K [0x0000000080000000, 0x0000000100000000)
  region size 1024K, 7 young (7168K), 2 survivors (2048K)
 Metaspace       used 44172K, committed 44544K, reserved 1114112K
  class space    used 5938K, committed 6144K, reserved 1048576K
}
Event: 10.632 GC heap after
{Heap after GC invocations=16 (full 0):
 garbage-first heap   total 78848K, used 45809K [0x0000000080000000, 0x0000000100000000)
  region size 1024K, 2 young (2048K), 2 survivors (2048K)
 Metaspace       used 44172K, committed 44544K, reserved 1114112K
  class space    used 5938K, committed 6144K, reserved 1048576K
}
Event: 11.289 GC heap before
{Heap before GC invocations=17 (full 0):
 garbage-first heap   total 89088K, used 67313K [0x0000000080000000, 0x0000000100000000)
  region size 1024K, 19 young (19456K), 2 survivors (2048K)
 Metaspace       used 47251K, committed 47616K, reserved 1114112K
  class space    used 6285K, committed 6464K, reserved 1048576K
}
Event: 11.292 GC heap after
{Heap after GC invocations=18 (full 0):
 garbage-first heap   total 89088K, used 46426K [0x0000000080000000, 0x0000000100000000)
  region size 1024K, 2 young (2048K), 2 survivors (2048K)
 Metaspace       used 47251K, committed 47616K, reserved 1114112K
  class space    used 6285K, committed 6464K, reserved 1048576K
}
Event: 12.104 GC heap before
{Heap before GC invocations=18 (full 0):
 garbage-first heap   total 89088K, used 71002K [0x0000000080000000, 0x0000000100000000)
  region size 1024K, 27 young (27648K), 2 survivors (2048K)
 Metaspace       used 50145K, committed 50560K, reserved 1114112K
  class space    used 6782K, committed 6976K, reserved 1048576K
}
Event: 12.109 GC heap after
{Heap after GC invocations=19 (full 0):
 garbage-first heap   total 107520K, used 47936K [0x0000000080000000, 0x0000000100000000)
  region size 1024K, 4 young (4096K), 4 survivors (4096K)
 Metaspace       used 50145K, committed 50560K, reserved 1114112K
  class space    used 6782K, committed 6976K, reserved 1048576K
}
Event: 12.345 GC heap before
{Heap before GC invocations=20 (full 0):
 garbage-first heap   total 107520K, used 55104K [0x0000000080000000, 0x0000000100000000)
  region size 1024K, 9 young (9216K), 4 survivors (4096K)
 Metaspace       used 50254K, committed 50688K, reserved 1114112K
  class space    used 6788K, committed 6976K, reserved 1048576K
}
Event: 12.349 GC heap after
{Heap after GC invocations=21 (full 0):
 garbage-first heap   total 107520K, used 52922K [0x0000000080000000, 0x0000000100000000)
  region size 1024K, 5 young (5120K), 5 survivors (5120K)
 Metaspace       used 50254K, committed 50688K, reserved 1114112K
  class space    used 6788K, committed 6976K, reserved 1048576K
}
Event: 12.608 GC heap before
{Heap before GC invocations=22 (full 0):
 garbage-first heap   total 107520K, used 64186K [0x0000000080000000, 0x0000000100000000)
  region size 1024K, 14 young (14336K), 5 survivors (5120K)
 Metaspace       used 50624K, committed 51072K, reserved 1114112K
  class space    used 6846K, committed 7040K, reserved 1048576K
}
Event: 12.613 GC heap after
{Heap after GC invocations=23 (full 0):
 garbage-first heap   total 107520K, used 57900K [0x0000000080000000, 0x0000000100000000)
  region size 1024K, 4 young (4096K), 4 survivors (4096K)
 Metaspace       used 50624K, committed 51072K, reserved 1114112K
  class space    used 6846K, committed 7040K, reserved 1048576K
}
Event: 12.722 GC heap before
{Heap before GC invocations=24 (full 0):
 garbage-first heap   total 107520K, used 64044K [0x0000000080000000, 0x0000000100000000)
  region size 1024K, 9 young (9216K), 4 survivors (4096K)
 Metaspace       used 50975K, committed 51456K, reserved 1114112K
  class space    used 6870K, committed 7104K, reserved 1048576K
}
Event: 12.724 GC heap after
{Heap after GC invocations=25 (full 0):
 garbage-first heap   total 107520K, used 62292K [0x0000000080000000, 0x0000000100000000)
  region size 1024K, 4 young (4096K), 4 survivors (4096K)
 Metaspace       used 50975K, committed 51456K, reserved 1114112K
  class space    used 6870K, committed 7104K, reserved 1048576K
}
Event: 13.207 GC heap before
{Heap before GC invocations=26 (full 0):
 garbage-first heap   total 114688K, used 82772K [0x0000000080000000, 0x0000000100000000)
  region size 1024K, 22 young (22528K), 4 survivors (4096K)
 Metaspace       used 53181K, committed 53696K, reserved 1114112K
  class space    used 7101K, committed 7360K, reserved 1048576K
}
Event: 13.211 GC heap after
{Heap after GC invocations=27 (full 0):
 garbage-first heap   total 114688K, used 62439K [0x0000000080000000, 0x0000000100000000)
  region size 1024K, 2 young (2048K), 2 survivors (2048K)
 Metaspace       used 53181K, committed 53696K, reserved 1114112K
  class space    used 7101K, committed 7360K, reserved 1048576K
}
Event: 13.954 GC heap before
{Heap before GC invocations=27 (full 0):
 garbage-first heap   total 114688K, used 87015K [0x0000000080000000, 0x0000000100000000)
  region size 1024K, 26 young (26624K), 2 survivors (2048K)
 Metaspace       used 56103K, committed 56768K, reserved 1114112K
  class space    used 7749K, committed 8064K, reserved 1048576K
}
Event: 13.957 GC heap after
{Heap after GC invocations=28 (full 0):
 garbage-first heap   total 114688K, used 63250K [0x0000000080000000, 0x0000000100000000)
  region size 1024K, 3 young (3072K), 3 survivors (3072K)
 Metaspace       used 56103K, committed 56768K, reserved 1114112K
  class space    used 7749K, committed 8064K, reserved 1048576K
}

Dll operation events (3 events):
Event: 0.016 Loaded shared library C:\Program Files\Android\Android Studio\jbr\bin\java.dll
Event: 0.242 Loaded shared library C:\Program Files\Android\Android Studio\jbr\bin\zip.dll
Event: 0.920 Loaded shared library C:\Program Files\Android\Android Studio\jbr\bin\verify.dll

Deoptimization events (20 events):
Event: 12.995 Thread 0x000002aa89bfff50 Uncommon trap: trap_request=0xffffffde fr.pc=0x000002aaf35f5200 relative=0x0000000000000060
Event: 12.995 Thread 0x000002aa89bfff50 Uncommon trap: reason=class_check action=maybe_recompile pc=0x000002aaf35f5200 method=java.util.stream.StreamOpFlag.fromCharacteristics(Ljava/util/Spliterator;)I @ 14 c2
Event: 12.995 Thread 0x000002aa89bfff50 DEOPT PACKING pc=0x000002aaf35f5200 sp=0x000000d965ff92f0
Event: 12.995 Thread 0x000002aa89bfff50 DEOPT UNPACKING pc=0x000002aaf2e369a3 sp=0x000000d965ff9288 mode 2
Event: 13.097 Thread 0x000002aa89bfff50 Uncommon trap: trap_request=0xffffff45 fr.pc=0x000002aaf3629f2c relative=0x000000000000042c
Event: 13.097 Thread 0x000002aa89bfff50 Uncommon trap: reason=unstable_if action=reinterpret pc=0x000002aaf3629f2c method=jdk.internal.org.objectweb.asm.Type.getArgumentsAndReturnSizes(Ljava/lang/String;)I @ 25 c2
Event: 13.097 Thread 0x000002aa89bfff50 DEOPT PACKING pc=0x000002aaf3629f2c sp=0x000000d965ff8fd0
Event: 13.097 Thread 0x000002aa89bfff50 DEOPT UNPACKING pc=0x000002aaf2e369a3 sp=0x000000d965ff8f60 mode 2
Event: 13.097 Thread 0x000002aa89bfff50 Uncommon trap: trap_request=0xffffff45 fr.pc=0x000002aaf36275ec relative=0x000000000000048c
Event: 13.097 Thread 0x000002aa89bfff50 Uncommon trap: reason=unstable_if action=reinterpret pc=0x000002aaf36275ec method=jdk.internal.org.objectweb.asm.MethodWriter.visitVarInsn(II)V @ 230 c2
Event: 13.097 Thread 0x000002aa89bfff50 DEOPT PACKING pc=0x000002aaf36275ec sp=0x000000d965ff9090
Event: 13.097 Thread 0x000002aa89bfff50 DEOPT UNPACKING pc=0x000002aaf2e369a3 sp=0x000000d965ff9050 mode 2
Event: 14.104 Thread 0x000002aa89bfff50 Uncommon trap: trap_request=0xffffff45 fr.pc=0x000002aaf3516104 relative=0x00000000000013c4
Event: 14.104 Thread 0x000002aa89bfff50 Uncommon trap: reason=unstable_if action=reinterpret pc=0x000002aaf3516104 method=java.util.concurrent.ConcurrentHashMap.putVal(Ljava/lang/Object;Ljava/lang/Object;Z)Ljava/lang/Object; @ 245 c2
Event: 14.104 Thread 0x000002aa89bfff50 DEOPT PACKING pc=0x000002aaf3516104 sp=0x000000d965ff7030
Event: 14.104 Thread 0x000002aa89bfff50 DEOPT UNPACKING pc=0x000002aaf2e369a3 sp=0x000000d965ff6fb8 mode 2
Event: 14.106 Thread 0x000002aa89bfff50 Uncommon trap: trap_request=0xffffff45 fr.pc=0x000002aaf3452684 relative=0x0000000000000084
Event: 14.106 Thread 0x000002aa89bfff50 Uncommon trap: reason=unstable_if action=reinterpret pc=0x000002aaf3452684 method=java.lang.CharacterDataLatin1.isWhitespace(I)Z @ 14 c2
Event: 14.106 Thread 0x000002aa89bfff50 DEOPT PACKING pc=0x000002aaf3452684 sp=0x000000d965ff7a60
Event: 14.106 Thread 0x000002aa89bfff50 DEOPT UNPACKING pc=0x000002aaf2e369a3 sp=0x000000d965ff79d0 mode 2

Classes unloaded (1 events):
Event: 12.764 Thread 0x000002aa82467440 Unloading class 0x00000001006cc800 'java/lang/invoke/LambdaForm$DMH+0x00000001006cc800'

Classes redefined (0 events):
No events

Internal exceptions (20 events):
Event: 13.015 Thread 0x000002aa89bfff50 Exception <a 'sun/nio/fs/WindowsException'{0x00000000862dab88}> (0x00000000862dab88) 
thrown [s\src\hotspot\share\prims\jni.cpp, line 517]
Event: 13.018 Thread 0x000002aa89bfff50 Exception <a 'sun/nio/fs/WindowsException'{0x00000000862dc440}> (0x00000000862dc440) 
thrown [s\src\hotspot\share\prims\jni.cpp, line 517]
Event: 13.023 Thread 0x000002aa89bfff50 Exception <a 'java/lang/NoSuchMethodError'{0x00000000862edef8}: 'java.lang.Object java.lang.invoke.Invokers$Holder.invoker(java.lang.Object, java.lang.Object, java.lang.Object, java.lang.Object, java.lang.Object, java.lang.Object)'> (0x00000000862edef8) 
thrown [s\src\hotspot\share\interpreter\linkResolver.cpp, line 771]
Event: 13.046 Thread 0x000002aa89bfff50 Exception <a 'java/lang/NoSuchMethodError'{0x0000000086173ea8}: 'java.lang.Object java.lang.invoke.Invokers$Holder.invoker(java.lang.Object, java.lang.Object, java.lang.Object, java.lang.Object)'> (0x0000000086173ea8) 
thrown [s\src\hotspot\share\interpreter\linkResolver.cpp, line 771]
Event: 13.064 Thread 0x000002aa89bfff50 Exception <a 'java/lang/NoSuchMethodError'{0x00000000861e5858}: 'java.lang.Object java.lang.invoke.Invokers$Holder.invoker(java.lang.Object, java.lang.Object, java.lang.Object, java.lang.Object, java.lang.Object)'> (0x00000000861e5858) 
thrown [s\src\hotspot\share\interpreter\linkResolver.cpp, line 771]
Event: 13.071 Thread 0x000002aa89bfff50 Exception <a 'java/lang/NoSuchMethodError'{0x0000000086003780}: 'java.lang.Object java.lang.invoke.DirectMethodHandle$Holder.invokeSpecial(java.lang.Object, java.lang.Object, java.lang.Object, java.lang.Object, java.lang.Object, java.lang.Object, java.lang.Object, java.lang.Object, java.lang.Object, java.lang.Object, java.lang.Object, java.lang.Object, java.lang.Object, java.lang.Object, java.lang.Object, java.lang.Object, java.lang.Object, java.lang.Object, java.lang.Object, java.lang.Object, java.lang.Ob
Event: 13.072 Thread 0x000002aa89bfff50 Exception <a 'java/lang/NoSuchMethodError'{0x0000000086009700}: 'java.lang.Object java.lang.invoke.DelegatingMethodHandle$Holder.reinvoke_L(java.lang.Object, java.lang.Object, java.lang.Object, java.lang.Object, java.lang.Object, java.lang.Object, java.lang.Object, java.lang.Object, java.lang.Object, java.lang.Object, java.lang.Object, java.lang.Object, java.lang.Object, java.lang.Object, java.lang.Object, java.lang.Object, java.lang.Object, java.lang.Object, java.lang.Object, java.lang.Object, java.lang.O
Event: 13.073 Thread 0x000002aa89bfff50 Exception <a 'java/lang/NoSuchMethodError'{0x00000000860152b8}: 'java.lang.Object java.lang.invoke.Invokers$Holder.invoker(java.lang.Object, java.lang.Object, java.lang.Object, java.lang.Object, java.lang.Object, java.lang.Object, java.lang.Object, java.lang.Object, java.lang.Object, java.lang.Object, java.lang.Object, java.lang.Object, java.lang.Object, java.lang.Object, java.lang.Object, java.lang.Object, java.lang.Object, java.lang.Object, java.lang.Object, java.lang.Object, java.lang.Object, java.lang.
Event: 13.077 Thread 0x000002aa89bfff50 Exception <a 'java/lang/NoSuchMethodError'{0x000000008601c168}: 'java.lang.Object java.lang.invoke.DelegatingMethodHandle$Holder.delegate(java.lang.Object, java.lang.Object, java.lang.Object, java.lang.Object, java.lang.Object, java.lang.Object, java.lang.Object, java.lang.Object, java.lang.Object, java.lang.Object, java.lang.Object, java.lang.Object, java.lang.Object, java.lang.Object, java.lang.Object, java.lang.Object, java.lang.Object, java.lang.Object, java.lang.Object, java.lang.Object, java.lang.Obj
Event: 13.098 Thread 0x000002aa89bfff50 Exception <a 'java/lang/NoSuchMethodError'{0x0000000086095f78}: 'java.lang.Object java.lang.invoke.DirectMethodHandle$Holder.invokeStatic(java.lang.Object, java.lang.Object, java.lang.Object, java.lang.Object, java.lang.Object, java.lang.Object, java.lang.Object, java.lang.Object, java.lang.Object, java.lang.Object, java.lang.Object, java.lang.Object, java.lang.Object, java.lang.Object, java.lang.Object, java.lang.Object, java.lang.Object)'> (0x0000000086095f78) 
thrown [s\src\hotspot\share\interpreter\lin
Event: 13.102 Thread 0x000002aa89bfff50 Exception <a 'java/lang/NoSuchMethodError'{0x00000000860bf5b8}: 'java.lang.Object java.lang.invoke.DirectMethodHandle$Holder.invokeStatic(java.lang.Object, java.lang.Object, java.lang.Object, java.lang.Object, java.lang.Object, java.lang.Object, java.lang.Object, java.lang.Object, java.lang.Object, java.lang.Object, java.lang.Object, java.lang.Object, java.lang.Object, java.lang.Object, java.lang.Object, java.lang.Object, java.lang.Object, java.lang.Object)'> (0x00000000860bf5b8) 
thrown [s\src\hotspot\sha
Event: 13.106 Thread 0x000002aa89bfff50 Exception <a 'java/lang/NoSuchMethodError'{0x00000000860e9c50}: 'java.lang.Object java.lang.invoke.DirectMethodHandle$Holder.invokeStatic(java.lang.Object, java.lang.Object, java.lang.Object, java.lang.Object, java.lang.Object, java.lang.Object, java.lang.Object, java.lang.Object, java.lang.Object, java.lang.Object, java.lang.Object, java.lang.Object, java.lang.Object, java.lang.Object, java.lang.Object, java.lang.Object, java.lang.Object, java.lang.Object, java.lang.Object)'> (0x00000000860e9c50) 
thrown 
Event: 13.110 Thread 0x000002aa89bfff50 Exception <a 'java/lang/NoSuchMethodError'{0x0000000085f15400}: 'java.lang.Object java.lang.invoke.DirectMethodHandle$Holder.invokeStatic(java.lang.Object, java.lang.Object, java.lang.Object, java.lang.Object, java.lang.Object, java.lang.Object, java.lang.Object, java.lang.Object, java.lang.Object, java.lang.Object, java.lang.Object, java.lang.Object, java.lang.Object, java.lang.Object, java.lang.Object, java.lang.Object, java.lang.Object, java.lang.Object, java.lang.Object, java.lang.Object)'> (0x00000000
Event: 13.118 Thread 0x000002aa89bfff50 Exception <a 'java/lang/NoSuchMethodError'{0x0000000085f41818}: 'java.lang.Object java.lang.invoke.DirectMethodHandle$Holder.invokeStatic(java.lang.Object, java.lang.Object, java.lang.Object, java.lang.Object, java.lang.Object, java.lang.Object, java.lang.Object, java.lang.Object, java.lang.Object, java.lang.Object, java.lang.Object, java.lang.Object, java.lang.Object, java.lang.Object, java.lang.Object, java.lang.Object, java.lang.Object, java.lang.Object, java.lang.Object, java.lang.Object, java.lang.Obj
Event: 13.122 Thread 0x000002aa89bfff50 Exception <a 'java/lang/NoSuchMethodError'{0x0000000085f72c98}: 'java.lang.Object java.lang.invoke.DirectMethodHandle$Holder.invokeStatic(java.lang.Object, java.lang.Object, java.lang.Object, java.lang.Object, java.lang.Object, java.lang.Object, java.lang.Object, java.lang.Object, java.lang.Object, java.lang.Object, java.lang.Object, java.lang.Object, java.lang.Object, java.lang.Object, java.lang.Object, java.lang.Object, java.lang.Object, java.lang.Object, java.lang.Object, java.lang.Object, java.lang.Obj
Event: 13.128 Thread 0x000002aa89bfff50 Exception <a 'java/lang/NoSuchMethodError'{0x0000000085fa0b78}: 'java.lang.Object java.lang.invoke.DirectMethodHandle$Holder.invokeStatic(java.lang.Object, java.lang.Object, java.lang.Object, java.lang.Object, java.lang.Object, java.lang.Object, java.lang.Object, java.lang.Object, java.lang.Object, java.lang.Object, java.lang.Object, java.lang.Object, java.lang.Object, java.lang.Object, java.lang.Object, java.lang.Object, java.lang.Object, java.lang.Object, java.lang.Object, java.lang.Object, java.lang.Obj
Event: 13.132 Thread 0x000002aa89bfff50 Exception <a 'java/lang/NoSuchMethodError'{0x0000000085fd0900}: 'java.lang.Object java.lang.invoke.DirectMethodHandle$Holder.invokeStatic(java.lang.Object, java.lang.Object, java.lang.Object, java.lang.Object, java.lang.Object, java.lang.Object, java.lang.Object, java.lang.Object, java.lang.Object, java.lang.Object, java.lang.Object, java.lang.Object, java.lang.Object, java.lang.Object, java.lang.Object, java.lang.Object, java.lang.Object, java.lang.Object, java.lang.Object, java.lang.Object, java.lang.Obj
Event: 13.137 Thread 0x000002aa89bfff50 Exception <a 'java/lang/NoSuchMethodError'{0x0000000085e02968}: 'java.lang.Object java.lang.invoke.DirectMethodHandle$Holder.invokeStatic(java.lang.Object, java.lang.Object, java.lang.Object, java.lang.Object, java.lang.Object, java.lang.Object, java.lang.Object, java.lang.Object, java.lang.Object, java.lang.Object, java.lang.Object, java.lang.Object, java.lang.Object, java.lang.Object, java.lang.Object, java.lang.Object, java.lang.Object, java.lang.Object, java.lang.Object, java.lang.Object, java.lang.Obj
Event: 13.405 Thread 0x000002aa89bfff50 Exception <a 'java/lang/IncompatibleClassChangeError'{0x00000000865e34e0}: Found class java.lang.Object, but interface was expected> (0x00000000865e34e0) 
thrown [s\src\hotspot\share\interpreter\linkResolver.cpp, line 838]
Event: 13.483 Thread 0x000002aa89bfff50 Exception <a 'java/lang/NoSuchMethodError'{0x0000000086228870}: 'java.lang.Object java.lang.invoke.DirectMethodHandle$Holder.invokeStaticInit(java.lang.Object, int)'> (0x0000000086228870) 
thrown [s\src\hotspot\share\interpreter\linkResolver.cpp, line 771]

VM Operations (20 events):
Event: 13.466 Executing VM operation: HandshakeAllThreads
Event: 13.466 Executing VM operation: HandshakeAllThreads done
Event: 13.481 Executing VM operation: HandshakeAllThreads
Event: 13.481 Executing VM operation: HandshakeAllThreads done
Event: 13.481 Executing VM operation: HandshakeAllThreads
Event: 13.481 Executing VM operation: HandshakeAllThreads done
Event: 13.529 Executing VM operation: HandshakeAllThreads
Event: 13.529 Executing VM operation: HandshakeAllThreads done
Event: 13.647 Executing VM operation: HandshakeAllThreads
Event: 13.647 Executing VM operation: HandshakeAllThreads done
Event: 13.650 Executing VM operation: HandshakeAllThreads
Event: 13.651 Executing VM operation: HandshakeAllThreads done
Event: 13.811 Executing VM operation: HandshakeAllThreads
Event: 13.811 Executing VM operation: HandshakeAllThreads done
Event: 13.954 Executing VM operation: G1CollectForAllocation
Event: 13.961 Executing VM operation: G1CollectForAllocation done
Event: 14.005 Executing VM operation: G1PauseRemark
Event: 14.009 Executing VM operation: G1PauseRemark done
Event: 14.027 Executing VM operation: G1PauseCleanup
Event: 14.028 Executing VM operation: G1PauseCleanup done

Events (20 events):
Event: 13.536 Thread 0x000002aa824d4cf0 flushing nmethod 0x000002aaec021f90
Event: 13.536 Thread 0x000002aa824d4cf0 flushing nmethod 0x000002aaec022790
Event: 13.536 Thread 0x000002aa824d4cf0 flushing nmethod 0x000002aaec024f90
Event: 13.536 Thread 0x000002aa824d4cf0 flushing nmethod 0x000002aaec02cf10
Event: 13.536 Thread 0x000002aa824d4cf0 flushing nmethod 0x000002aaec030410
Event: 13.536 Thread 0x000002aa824d4cf0 flushing nmethod 0x000002aaec031c10
Event: 13.536 Thread 0x000002aa824d4cf0 flushing nmethod 0x000002aaec036f10
Event: 13.536 Thread 0x000002aa824d4cf0 flushing nmethod 0x000002aaec046010
Event: 13.536 Thread 0x000002aa824d4cf0 flushing nmethod 0x000002aaec063e10
Event: 13.536 Thread 0x000002aa824d4cf0 flushing nmethod 0x000002aaec079190
Event: 13.536 Thread 0x000002aa824d4cf0 flushing nmethod 0x000002aaec092710
Event: 13.536 Thread 0x000002aa824d4cf0 flushing nmethod 0x000002aaec096e90
Event: 13.537 Thread 0x000002aa824d4cf0 flushing nmethod 0x000002aaec128290
Event: 13.537 Thread 0x000002aa824d4cf0 flushing nmethod 0x000002aaec13e010
Event: 13.538 Thread 0x000002aa824d4cf0 flushing nmethod 0x000002aaec259210
Event: 13.539 Thread 0x000002aa824d4cf0 flushing nmethod 0x000002aaec26a810
Event: 13.801 loading class java/util/concurrent/LinkedBlockingDeque$Itr
Event: 13.801 loading class java/util/concurrent/LinkedBlockingDeque$AbstractItr
Event: 13.802 loading class java/util/concurrent/LinkedBlockingDeque$AbstractItr done
Event: 13.802 loading class java/util/concurrent/LinkedBlockingDeque$Itr done


Dynamic libraries:
0x00007ff781370000 - 0x00007ff78137a000 	C:\Program Files\Android\Android Studio\jbr\bin\java.exe
0x00007ffeae2f0000 - 0x00007ffeae4e8000 	C:\WINDOWS\SYSTEM32\ntdll.dll
0x00007ffead2b0000 - 0x00007ffead371000 	C:\WINDOWS\System32\KERNEL32.DLL
0x00007ffeabec0000 - 0x00007ffeac1b6000 	C:\WINDOWS\System32\KERNELBASE.dll
0x00007ffeabb30000 - 0x00007ffeabc30000 	C:\WINDOWS\System32\ucrtbase.dll
0x00007ffe906a0000 - 0x00007ffe906bb000 	C:\Program Files\Android\Android Studio\jbr\bin\VCRUNTIME140.dll
0x00007ffe916c0000 - 0x00007ffe916d7000 	C:\Program Files\Android\Android Studio\jbr\bin\jli.dll
0x00007ffeac870000 - 0x00007ffeaca0f000 	C:\WINDOWS\System32\USER32.dll
0x00007ffeab9e0000 - 0x00007ffeaba02000 	C:\WINDOWS\System32\win32u.dll
0x00007ffeadfe0000 - 0x00007ffeae00b000 	C:\WINDOWS\System32\GDI32.dll
0x00007ffeaacd0000 - 0x00007ffeaaf6a000 	C:\WINDOWS\WinSxS\amd64_microsoft.windows.common-controls_6595b64144ccf1df_6.0.19041.4355_none_60b8b9eb71f62e16\COMCTL32.dll
0x00007ffeaba10000 - 0x00007ffeabb27000 	C:\WINDOWS\System32\gdi32full.dll
0x00007ffeac470000 - 0x00007ffeac50e000 	C:\WINDOWS\System32\msvcrt.dll
0x00007ffeac1c0000 - 0x00007ffeac25d000 	C:\WINDOWS\System32\msvcp_win.dll
0x00007ffeac2f0000 - 0x00007ffeac31f000 	C:\WINDOWS\System32\IMM32.DLL
0x00007ffea4010000 - 0x00007ffea401c000 	C:\Program Files\Android\Android Studio\jbr\bin\vcruntime140_1.dll
0x00007ffe83a00000 - 0x00007ffe83a8d000 	C:\Program Files\Android\Android Studio\jbr\bin\msvcp140.dll
0x00007ffe4fe00000 - 0x00007ffe50a83000 	C:\Program Files\Android\Android Studio\jbr\bin\server\jvm.dll
0x00007ffead830000 - 0x00007ffead8e0000 	C:\WINDOWS\System32\ADVAPI32.dll
0x00007ffead780000 - 0x00007ffead820000 	C:\WINDOWS\System32\sechost.dll
0x00007ffead380000 - 0x00007ffead4a3000 	C:\WINDOWS\System32\RPCRT4.dll
0x00007ffeabc30000 - 0x00007ffeabc57000 	C:\WINDOWS\System32\bcrypt.dll
0x00007ffea8b80000 - 0x00007ffea8b89000 	C:\WINDOWS\SYSTEM32\WSOCK32.dll
0x00007ffeab710000 - 0x00007ffeab75b000 	C:\WINDOWS\SYSTEM32\POWRPROF.dll
0x00007ffead4b0000 - 0x00007ffead51b000 	C:\WINDOWS\System32\WS2_32.dll
0x00007ffe9fe30000 - 0x00007ffe9fe3a000 	C:\WINDOWS\SYSTEM32\VERSION.dll
0x00007ffe8f550000 - 0x00007ffe8f577000 	C:\WINDOWS\SYSTEM32\WINMM.dll
0x00007ffeab6f0000 - 0x00007ffeab702000 	C:\WINDOWS\SYSTEM32\UMPDC.dll
0x00007ffea9050000 - 0x00007ffea9062000 	C:\WINDOWS\SYSTEM32\kernel.appcore.dll
0x00007ffea8b70000 - 0x00007ffea8b7a000 	C:\Program Files\Android\Android Studio\jbr\bin\jimage.dll
0x00007ffeab2d0000 - 0x00007ffeab4b4000 	C:\WINDOWS\SYSTEM32\DBGHELP.DLL
0x00007ffeab0e0000 - 0x00007ffeab114000 	C:\WINDOWS\SYSTEM32\dbgcore.DLL
0x00007ffeac260000 - 0x00007ffeac2e2000 	C:\WINDOWS\System32\bcryptPrimitives.dll
0x00007ffea6db0000 - 0x00007ffea6dbe000 	C:\Program Files\Android\Android Studio\jbr\bin\instrument.dll
0x00007ffea8910000 - 0x00007ffea8935000 	C:\Program Files\Android\Android Studio\jbr\bin\java.dll
0x00007ffea89c0000 - 0x00007ffea89d8000 	C:\Program Files\Android\Android Studio\jbr\bin\zip.dll
0x00007ffeacb40000 - 0x00007ffead2ac000 	C:\WINDOWS\System32\SHELL32.dll
0x00007ffea91c0000 - 0x00007ffea995e000 	C:\WINDOWS\SYSTEM32\windows.storage.dll
0x00007ffeac510000 - 0x00007ffeac863000 	C:\WINDOWS\System32\combase.dll
0x00007ffeaac30000 - 0x00007ffeaac5e000 	C:\WINDOWS\SYSTEM32\Wldp.dll
0x00007ffeadd50000 - 0x00007ffeade1d000 	C:\WINDOWS\System32\OLEAUT32.dll
0x00007ffead6d0000 - 0x00007ffead77d000 	C:\WINDOWS\System32\SHCORE.dll
0x00007ffeae220000 - 0x00007ffeae275000 	C:\WINDOWS\System32\shlwapi.dll
0x00007ffeab8a0000 - 0x00007ffeab8c4000 	C:\WINDOWS\SYSTEM32\profapi.dll
0x00007ffea7d70000 - 0x00007ffea7d89000 	C:\Program Files\Android\Android Studio\jbr\bin\net.dll
0x00007ffea5780000 - 0x00007ffea588a000 	C:\WINDOWS\SYSTEM32\WINHTTP.dll
0x00007ffeaa910000 - 0x00007ffeaa97a000 	C:\WINDOWS\system32\mswsock.dll
0x00007ffe97850000 - 0x00007ffe97866000 	C:\Program Files\Android\Android Studio\jbr\bin\nio.dll
0x00007ffea8b60000 - 0x00007ffea8b70000 	C:\Program Files\Android\Android Studio\jbr\bin\verify.dll
0x00007ffe8eac0000 - 0x00007ffe8eae7000 	C:\Users\sql.programador13\.gradle\native\c067742578af261105cb4f569cf0c3c89f3d7b1fecec35dd04571415982c5e48\windows-amd64\native-platform.dll
0x00007ffe58030000 - 0x00007ffe58174000 	C:\Users\sql.programador13\.gradle\native\38dada09dfb8b06ba9b0570ebf7e218e3eb74d4ef43ca46872605cf95ebc2f47\windows-amd64\native-platform-file-events.dll
0x00007ffea8900000 - 0x00007ffea8909000 	C:\Program Files\Android\Android Studio\jbr\bin\management.dll
0x00007ffea6e10000 - 0x00007ffea6e1b000 	C:\Program Files\Android\Android Studio\jbr\bin\management_ext.dll
0x00007ffeae070000 - 0x00007ffeae078000 	C:\WINDOWS\System32\PSAPI.DLL
0x00007ffeab660000 - 0x00007ffeab678000 	C:\WINDOWS\SYSTEM32\CRYPTSP.dll
0x00007ffeaa310000 - 0x00007ffeaa344000 	C:\WINDOWS\system32\rsaenh.dll
0x00007ffeab810000 - 0x00007ffeab83e000 	C:\WINDOWS\SYSTEM32\USERENV.dll
0x00007ffeaac20000 - 0x00007ffeaac2c000 	C:\WINDOWS\SYSTEM32\CRYPTBASE.dll
0x00007ffeaa670000 - 0x00007ffeaa6ab000 	C:\WINDOWS\SYSTEM32\IPHLPAPI.DLL
0x00007ffeac460000 - 0x00007ffeac468000 	C:\WINDOWS\System32\NSI.dll
0x00007ffea6ed0000 - 0x00007ffea6ee7000 	C:\WINDOWS\SYSTEM32\dhcpcsvc6.DLL
0x00007ffea6af0000 - 0x00007ffea6b0d000 	C:\WINDOWS\SYSTEM32\dhcpcsvc.DLL
0x00007ffeaa6b0000 - 0x00007ffeaa77a000 	C:\WINDOWS\SYSTEM32\DNSAPI.dll
0x00007ffea8ab0000 - 0x00007ffea8ab9000 	C:\Program Files\Android\Android Studio\jbr\bin\extnet.dll
0x00007ffea4a80000 - 0x00007ffea4a87000 	C:\WINDOWS\system32\wshunix.dll

dbghelp: loaded successfully - version: 4.0.5 - missing functions: none
symbol engine: initialized successfully - sym options: 0x614 - pdb path: .;C:\Program Files\Android\Android Studio\jbr\bin;C:\WINDOWS\SYSTEM32;C:\WINDOWS\WinSxS\amd64_microsoft.windows.common-controls_6595b64144ccf1df_6.0.19041.4355_none_60b8b9eb71f62e16;C:\Program Files\Android\Android Studio\jbr\bin\server;C:\Users\sql.programador13\.gradle\native\c067742578af261105cb4f569cf0c3c89f3d7b1fecec35dd04571415982c5e48\windows-amd64;C:\Users\sql.programador13\.gradle\native\38dada09dfb8b06ba9b0570ebf7e218e3eb74d4ef43ca46872605cf95ebc2f47\windows-amd64

VM Arguments:
jvm_args: --add-opens=java.base/java.util=ALL-UNNAMED --add-opens=java.base/java.lang=ALL-UNNAMED --add-opens=java.base/java.lang.invoke=ALL-UNNAMED --add-opens=java.prefs/java.util.prefs=ALL-UNNAMED --add-opens=java.base/java.nio.charset=ALL-UNNAMED --add-opens=java.base/java.net=ALL-UNNAMED --add-opens=java.base/java.util.concurrent.atomic=ALL-UNNAMED -Xmx2048m -Dfile.encoding=UTF-8 -Duser.country=ES -Duser.language=es -Duser.variant -javaagent:C:\Users\sql.programador13\.gradle\wrapper\dists\gradle-8.6-bin\afr5mpiioh2wthjmwnkmdsd5w\gradle-8.6\lib\agents\gradle-instrumentation-agent-8.6.jar 
java_command: org.gradle.launcher.daemon.bootstrap.GradleDaemon 8.6
java_class_path (initial): C:\Users\sql.programador13\.gradle\wrapper\dists\gradle-8.6-bin\afr5mpiioh2wthjmwnkmdsd5w\gradle-8.6\lib\gradle-launcher-8.6.jar
Launcher Type: SUN_STANDARD

[Global flags]
     intx CICompilerCount                          = 4                                         {product} {ergonomic}
     uint ConcGCThreads                            = 2                                         {product} {ergonomic}
     uint G1ConcRefinementThreads                  = 8                                         {product} {ergonomic}
   size_t G1HeapRegionSize                         = 1048576                                   {product} {ergonomic}
    uintx GCDrainStackTargetSize                   = 64                                        {product} {ergonomic}
   size_t InitialHeapSize                          = 268435456                                 {product} {ergonomic}
   size_t MarkStackSize                            = 4194304                                   {product} {ergonomic}
   size_t MaxHeapSize                              = 2147483648                                {product} {command line}
   size_t MaxNewSize                               = 1287651328                                {product} {ergonomic}
   size_t MinHeapDeltaBytes                        = 1048576                                   {product} {ergonomic}
   size_t MinHeapSize                              = 8388608                                   {product} {ergonomic}
    uintx NonNMethodCodeHeapSize                   = 5839372                                {pd product} {ergonomic}
    uintx NonProfiledCodeHeapSize                  = 122909434                              {pd product} {ergonomic}
    uintx ProfiledCodeHeapSize                     = 122909434                              {pd product} {ergonomic}
    uintx ReservedCodeCacheSize                    = 251658240                              {pd product} {ergonomic}
     bool SegmentedCodeCache                       = true                                      {product} {ergonomic}
   size_t SoftMaxHeapSize                          = 2147483648                             {manageable} {ergonomic}
     bool UseCompressedClassPointers               = true                           {product lp64_product} {ergonomic}
     bool UseCompressedOops                        = true                           {product lp64_product} {ergonomic}
     bool UseG1GC                                  = true                                      {product} {ergonomic}
     bool UseLargePagesIndividualAllocation        = false                                  {pd product} {ergonomic}

Logging:
Log output configuration:
 #0: stdout all=warning uptime,level,tags
 #1: stderr all=off uptime,level,tags

Environment Variables:
JAVA_HOME=C:\Program Files\Java\jdk-22
PATH=C:\Program Files\Common Files\Oracle\Java\javapath;C:\Program Files\Amazon Corretto\jdk11.0.23_9\bin;C:\WINDOWS\system32;C:\WINDOWS;C:\WINDOWS\System32\Wbem;C:\WINDOWS\System32\WindowsPowerShell\v1.0\;C:\WINDOWS\System32\OpenSSH\;C:\Program Files\dotnet\;C:\Program Files (x86)\Microsoft SQL Server\160\Tools\Binn\;C:\Program Files\Microsoft SQL Server\160\Tools\Binn\;C:\Program Files\Microsoft SQL Server\Client SDK\ODBC\170\Tools\Binn\;C:\Program Files\Microsoft SQL Server\160\DTS\Binn\;C:\Program Files (x86)\Microsoft SQL Server\150\DTS\Binn\;C:\Users\sql.programador13\AppData\Roaming\nvm;C:\Program Files\nodejs;C:\Users\sql.programador13\AppData\Local\Microsoft\WindowsApps;C:\Users\sql.programador13\AppData\Local\Programs\Git\cmd;C:\Users\sql.programador13\AppData\Roaming\nvm;C:\Program Files\nodejs;C:\gradle-7.5.1\bin;C:\Users\sql.programador13\AppData\Local\Programs\Microsoft VS Code\bin;C:\Program Files\Java\jdk-22;
USERNAME=sql.programador13
OS=Windows_NT
PROCESSOR_IDENTIFIER=Intel64 Family 6 Model 42 Stepping 7, GenuineIntel
TMP=C:\Users\SQL~1.PRO\AppData\Local\Temp
TEMP=C:\Users\SQL~1.PRO\AppData\Local\Temp



Periodic native trim disabled

JNI global refs:
JNI global refs: 25, weak refs: 0

JNI global refs memory usage: 843, weak refs: 841

OOME stack traces (most recent first):
Classloader memory used:
Loader org.gradle.internal.classloader.VisitableURLClassLoader                         : 3789K
Loader bootstrap                                                                       : 2423K
Loader org.gradle.initialization.MixInLegacyTypesClassLoader                           : 743K
Loader org.gradle.internal.classloader.VisitableURLClassLoader$InstrumentingVisitableURLClassLoader: 68350B
Loader jdk.internal.loader.ClassLoaders$PlatformClassLoader                            : 66924B
Loader org.gradle.internal.classloader.VisitableURLClassLoader                         : 55614B
Loader jdk.internal.loader.ClassLoaders$AppClassLoader                                 : 28729B
Loader jdk.internal.reflect.DelegatingClassLoader                                      : 25756B
Loader org.gradle.groovy.scripts.internal.DefaultScriptCompilationHandler$ScriptClassLoader: 10816B
Loader org.codehaus.groovy.runtime.callsite.CallSiteClassLoader                        : 5997B

Classes loaded by more than one classloader:
Class org.gradle.api.GradleException                                                  : loaded 3 times (x 80B)
Class org.gradle.util.GradleVersion                                                   : loaded 2 times (x 81B)
Class org.jetbrains.plugins.gradle.model.MavenRepositoryModel                         : loaded 2 times (x 68B)
Class org.gradle.internal.classpath.ClassPath                                         : loaded 2 times (x 68B)
Class org.gradle.api.internal.classpath.DefaultModuleRegistry                         : loaded 2 times (x 84B)
Class org.gradle.internal.exceptions.NonGradleCauseExceptionsHolder                   : loaded 2 times (x 68B)
Class org.gradle.api.Action                                                           : loaded 2 times (x 68B)
Class sync_studio_tooling1752_bpme0vn5e5kol4h2gjs2w2z5r                               : loaded 2 times (x 177B)
Class org.gradle.api.internal.DefaultClassPathProvider                                : loaded 2 times (x 74B)
Class org.gradle.internal.installation.GradleInstallation$1                           : loaded 2 times (x 73B)
Class org.gradle.internal.exceptions.DefaultMultiCauseException                       : loaded 2 times (x 89B)
Class org.gradle.internal.time.MonotonicClock                                         : loaded 2 times (x 75B)
Class org.gradle.internal.classloader.FilteringClassLoader                            : loaded 2 times (x 103B)
Class org.gradle.internal.classpath.DefaultClassPath$ImmutableUniqueList$Builder      : loaded 2 times (x 73B)
Class org.gradle.internal.classloader.ClassLoaderVisitor                              : loaded 2 times (x 74B)
Class ijInit1_f0x9zjf6w9u8jqerysqaac400                                               : loaded 2 times (x 177B)
Class org.gradle.internal.time.DefaultCountdownTimer                                  : loaded 2 times (x 86B)
Class org.gradle.internal.service.DefaultServiceLocator                               : loaded 2 times (x 81B)
Class org.gradle.internal.service.UnknownServiceException                             : loaded 2 times (x 81B)
Class org.gradle.internal.classloader.DefaultClassLoaderFactory                       : loaded 2 times (x 80B)
Class org.gradle.internal.classloader.VisitableURLClassLoader$Spec                    : loaded 2 times (x 72B)
Class org.gradle.tooling.model.ProjectModel                                           : loaded 2 times (x 68B)
Class org.gradle.internal.installation.GradleInstallation                             : loaded 2 times (x 73B)
Class org.gradle.api.internal.classpath.ModuleRegistry                                : loaded 2 times (x 68B)
Class org.jetbrains.plugins.gradle.model.RepositoriesModel                            : loaded 2 times (x 68B)
Class kotlin.jvm.internal.markers.KMappedMarker                                       : loaded 2 times (x 68B)
Class org.gradle.api.internal.ClassPathProvider                                       : loaded 2 times (x 68B)
Class org.gradle.internal.classloader.ClasspathUtil$1                                 : loaded 2 times (x 74B)
Class org.gradle.internal.classloader.ClassLoaderFactory                              : loaded 2 times (x 68B)
Class org.gradle.api.internal.classpath.ManifestUtil                                  : loaded 2 times (x 69B)
Class org.gradle.api.specs.Spec                                                       : loaded 2 times (x 68B)
Class org.gradle.internal.IoActions                                                   : loaded 2 times (x 69B)
Class org.gradle.api.internal.classpath.EffectiveClassPath                            : loaded 2 times (x 88B)
Class kotlin.jvm.internal.DefaultConstructorMarker                                    : loaded 2 times (x 69B)
Class org.gradle.internal.installation.CurrentGradleInstallation                      : loaded 2 times (x 71B)
Class org.gradle.internal.agents.InstrumentingClassLoader                             : loaded 2 times (x 68B)
Class org.gradle.internal.installation.CurrentGradleInstallationLocator               : loaded 2 times (x 69B)
Class org.gradle.api.internal.classpath.Module                                        : loaded 2 times (x 68B)
Class org.gradle.internal.service.CachingServiceLocator                               : loaded 2 times (x 80B)
Class org.gradle.internal.time.Timer                                                  : loaded 2 times (x 68B)
Class org.gradle.internal.classpath.DefaultClassPath                                  : loaded 2 times (x 88B)
Class kotlin.jvm.functions.Function1                                                  : loaded 2 times (x 68B)
Class org.gradle.internal.time.Time                                                   : loaded 2 times (x 69B)
Class org.gradle.internal.time.TimeSource$1                                           : loaded 2 times (x 75B)
Class org.gradle.internal.classloader.SystemClassLoaderSpec                           : loaded 2 times (x 69B)
Class kotlin.Function                                                                 : loaded 2 times (x 68B)
Class org.gradle.api.UncheckedIOException                                             : loaded 2 times (x 80B)
Class org.gradle.internal.time.CountdownTimer                                         : loaded 2 times (x 68B)
Class org.gradle.internal.time.Clock                                                  : loaded 2 times (x 68B)
Class org.gradle.internal.classloader.ClasspathUtil                                   : loaded 2 times (x 69B)
Class org.gradle.api.internal.DefaultClassPathRegistry                                : loaded 2 times (x 74B)
Class org.gradle.api.internal.classpath.DefaultModuleRegistry$DefaultModule           : loaded 2 times (x 84B)
Class org.gradle.internal.time.TimeSource                                             : loaded 2 times (x 68B)
Class org.gradle.api.internal.classpath.UnknownModuleException                        : loaded 2 times (x 80B)
Class org.gradle.internal.service.ServiceLookupException                              : loaded 2 times (x 80B)
Class org.gradle.cache.GlobalCache                                                    : loaded 2 times (x 68B)
Class [Lorg.gradle.api.internal.ClassPathProvider;                                    : loaded 2 times (x 67B)
Class org.gradle.internal.operations.MultipleBuildOperationFailures                   : loaded 2 times (x 89B)
Class org.gradle.util.internal.GUtil                                                  : loaded 2 times (x 69B)
Class org.gradle.internal.classloader.ClassLoaderSpec                                 : loaded 2 times (x 69B)
Class org.gradle.internal.classloader.VisitableURLClassLoader                         : loaded 2 times (x 115B)
Class org.gradle.internal.Cast                                                        : loaded 2 times (x 69B)
Class org.gradle.api.internal.ClassPathRegistry                                       : loaded 2 times (x 68B)
Class org.gradle.internal.classloader.VisitableURLClassLoader$InstrumentingVisitableURLClassLoader: loaded 2 times (x 121B)
Class org.gradle.internal.classloader.ClassLoaderHierarchy                            : loaded 2 times (x 68B)
Class org.gradle.internal.exceptions.MultiCauseException                              : loaded 2 times (x 68B)
Class sync_studio_tooling1752_bpme0vn5e5kol4h2gjs2w2z5r$_run_closure1                 : loaded 2 times (x 137B)
Class org.gradle.internal.InternalTransformer                                         : loaded 2 times (x 68B)
Class org.gradle.internal.service.ServiceLocator                                      : loaded 2 times (x 68B)
Class org.gradle.internal.classpath.DefaultClassPath$ImmutableUniqueList              : loaded 2 times (x 159B)
Class org.gradle.internal.time.DefaultTimer                                           : loaded 2 times (x 78B)
Class org.gradle.internal.classpath.TransformedClassPath                              : loaded 2 times (x 94B)


---------------  S Y S T E M  ---------------

OS:
 Windows 10 , 64 bit Build 19041 (10.0.19041.4597)
OS uptime: 0 days 2:47 hours

CPU: total 8 (initial active 8) (4 cores per cpu, 2 threads per core) family 6 model 42 stepping 7 microcode 0x2f, cx8, cmov, fxsr, ht, mmx, sse, sse2, sse3, ssse3, sse4.1, sse4.2, popcnt, tsc, tscinvbit, avx, aes, clmul, vzeroupper, clflush
Processor Information for all 8 processors :
  Max Mhz: 3401, Current Mhz: 3401, Mhz Limit: 3401

Memory: 4k page, system-wide physical 16269M (6113M free)
TotalPageFile size 18701M (AvailPageFile size 6869M)
current process WorkingSet (physical memory assigned to process): 327M, peak: 334M
current process commit charge ("private bytes"): 369M, peak: 408M

vm_info: OpenJDK 64-Bit Server VM (17.0.10+0--11572160) for windows-amd64 JRE (17.0.10+0--11572160), built on Mar 13 2024 23:56:38 by "androidbuild" with MS VC++ 16.10 / 16.11 (VS2019)

END.
